SF:C:\Users\johnd\utils\src\lib\base-utils.lib.ts
FN:13,decode
FN:17,DIR
FN:27,checkSetup
FN:38,condClear
FN:51,stdChecks
FN:60,FAIL
FN:68,SUCCEED
FN:80,flag
FN:97,nonOption
FN:122,DBG
FN:131,LLOG
FN:149,ILOG
FN:170,defined
FN:177,notdefined
FN:184,assertIsDefined
FN:197,assertNotDefined
FN:210,croak
FN:218,replaceInArray
FN:237,slurp
FN:245,rmFile
FN:255,fileExt
FN:267,withExt
FN:282,normalizePath
FN:295,relpath
FN:302,buildFileName
FN:316,buildTestFileName
FN:340,parsePath
FN:376,execCmd
FN:409,newerDestFileExists
FN:425,cmdSucceeds
FN:440,splitPatterns
FN:478,allFilesMatching
FN:518,findFile
FN:544,procFiles
FN:593,getStringOption
FN:611,getBooleanOption
FN:630,tryCmd
FN:658,civet2tsFile
FN:712,doUnitTest
FN:761,doInstallCmd
FN:791,doRun
FN:828,sep
FN:841,centered
FNDA:2,decode
FNDA:0,DIR
FNDA:1,checkSetup
FNDA:0,condClear
FNDA:0,stdChecks
FNDA:0,FAIL
FNDA:0,SUCCEED
FNDA:7,flag
FNDA:0,nonOption
FNDA:0,DBG
FNDA:0,LLOG
FNDA:0,ILOG
FNDA:2,defined
FNDA:2,notdefined
FNDA:1,assertIsDefined
FNDA:0,assertNotDefined
FNDA:1,croak
FNDA:3,replaceInArray
FNDA:0,slurp
FNDA:0,rmFile
FNDA:1,fileExt
FNDA:1,withExt
FNDA:3,normalizePath
FNDA:0,relpath
FNDA:0,buildFileName
FNDA:0,buildTestFileName
FNDA:1,parsePath
FNDA:1,execCmd
FNDA:0,newerDestFileExists
FNDA:2,cmdSucceeds
FNDA:1,splitPatterns
FNDA:0,allFilesMatching
FNDA:0,findFile
FNDA:0,procFiles
FNDA:0,getStringOption
FNDA:0,getBooleanOption
FNDA:0,tryCmd
FNDA:0,civet2tsFile
FNDA:0,doUnitTest
FNDA:0,doInstallCmd
FNDA:0,doRun
FNDA:0,sep
FNDA:0,centered
FNF:43
FNH:15
BRDA:87,8,0,6
BRDA:88,8,1,4
BRDA:91,8,2,3
BRDA:172,13,0,1
BRDA:179,14,0,1
BRDA:223,20,0,6
BRDA:224,20,1,2
BRDA:226,20,2,4
BRDA:259,23,0,0
BRDA:270,24,0,0
BRDA:287,25,0,0
BRDA:385,30,0,0
BRDA:386,30,1,0
BRDA:396,30,2,0
BRDA:447,33,0,0
BRDA:453,33,1,4
BRDA:456,33,2,2
BRF:17
BRH:10
DA:1,1
DA:5,1
DA:6,1
DA:7,1
DA:8,1
DA:9,1
DA:11,1
DA:12,1
DA:13,1
DA:14,3
DA:15,1
DA:17,0
DA:18,0
DA:19,0
DA:23,1
DA:27,1
DA:29,2
DA:30,2
DA:31,2
DA:32,2
DA:33,2
DA:34,1
DA:38,0
DA:39,0
DA:42,0
DA:43,0
DA:44,0
DA:45,0
DA:46,0
DA:47,0
DA:51,0
DA:53,0
DA:54,0
DA:55,0
DA:56,0
DA:60,0
DA:62,0
DA:63,0
DA:64,0
DA:68,0
DA:70,0
DA:71,0
DA:72,0
DA:73,0
DA:74,0
DA:80,1
DA:81,1
DA:82,1
DA:85,8
DA:86,8
DA:87,8
DA:88,14
DA:89,18
DA:90,18
DA:91,14
DA:92,11
DA:93,1
DA:97,0
DA:98,0
DA:99,0
DA:102,0
DA:103,0
DA:104,0
DA:105,0
DA:106,0
DA:107,0
DA:108,0
DA:109,0
DA:110,0
DA:111,0
DA:112,0
DA:113,0
DA:120,1
DA:122,0
DA:123,0
DA:124,0
DA:125,0
DA:126,0
DA:127,0
DA:131,0
DA:132,0
DA:133,0
DA:136,0
DA:137,0
DA:138,0
DA:139,0
DA:140,0
DA:141,0
DA:142,0
DA:143,0
DA:144,0
DA:145,0
DA:149,0
DA:151,0
DA:152,0
DA:153,0
DA:166,1
DA:170,1
DA:172,3
DA:173,1
DA:177,1
DA:179,3
DA:180,1
DA:184,1
DA:185,1
DA:186,1
DA:187,0
DA:189,0
DA:190,0
DA:191,0
DA:192,0
DA:193,2
DA:197,0
DA:198,0
DA:199,0
DA:200,0
DA:202,0
DA:203,0
DA:204,0
DA:205,0
DA:206,0
DA:210,1
DA:212,2
DA:213,1
DA:218,1
DA:219,1
DA:220,1
DA:223,18
DA:224,13
DA:225,15
DA:226,13
DA:227,13
DA:228,17
DA:229,17
DA:230,24
DA:231,1
DA:237,0
DA:239,0
DA:240,0
DA:241,0
DA:245,0
DA:247,0
DA:248,0
DA:249,0
DA:250,0
DA:251,0
DA:255,1
DA:257,6
DA:258,2
DA:259,0
DA:260,0
DA:261,0
DA:262,0
DA:263,1
DA:267,1
DA:269,2
DA:270,0
DA:271,0
DA:272,0
DA:273,0
DA:274,0
DA:275,2
DA:276,2
DA:277,2
DA:278,1
DA:282,1
DA:284,4
DA:285,4
DA:286,4
DA:287,0
DA:288,0
DA:289,0
DA:290,0
DA:291,1
DA:295,0
DA:297,0
DA:298,0
DA:302,0
DA:303,0
DA:304,0
DA:305,0
DA:308,0
DA:309,0
DA:310,0
DA:312,0
DA:316,0
DA:317,0
DA:318,0
DA:319,0
DA:322,0
DA:323,0
DA:324,0
DA:326,0
DA:340,1
DA:341,1
DA:344,2
DA:346,2
DA:347,2
DA:348,2
DA:349,2
DA:350,2
DA:351,2
DA:353,2
DA:354,2
DA:355,2
DA:356,2
DA:357,1
DA:376,1
DA:377,1
DA:378,1
DA:379,1
DA:380,1
DA:383,2
DA:384,2
DA:385,0
DA:386,0
DA:387,2
DA:388,2
DA:389,2
DA:390,2
DA:391,4
DA:392,2
DA:393,2
DA:394,2
DA:395,2
DA:396,0
DA:397,0
DA:398,0
DA:399,0
DA:400,0
DA:401,0
DA:402,0
DA:403,0
DA:404,0
DA:405,1
DA:409,0
DA:410,0
DA:411,0
DA:414,0
DA:415,0
DA:416,0
DA:417,0
DA:418,0
DA:419,0
DA:420,0
DA:421,0
DA:425,1
DA:426,1
DA:427,1
DA:430,3
DA:431,3
DA:432,3
DA:433,3
DA:434,3
DA:435,3
DA:436,1
DA:440,1
DA:441,1
DA:444,2
DA:445,2
DA:447,0
DA:449,0
DA:450,0
DA:451,0
DA:452,0
DA:453,2
DA:454,6
DA:455,6
DA:456,6
DA:457,8
DA:458,8
DA:459,8
DA:460,8
DA:461,8
DA:462,6
DA:463,6
DA:464,2
DA:465,8
DA:466,1
DA:478,0
DA:479,0
DA:480,0
DA:481,0
DA:482,0
DA:483,0
DA:486,0
DA:487,0
DA:488,0
DA:489,0
DA:490,0
DA:491,0
DA:492,0
DA:493,0
DA:494,0
DA:495,0
DA:497,0
DA:498,0
DA:499,0
DA:500,0
DA:501,0
DA:502,0
DA:504,0
DA:505,0
DA:506,0
DA:507,0
DA:508,0
DA:509,0
DA:510,0
DA:511,0
DA:512,0
DA:513,0
DA:514,0
DA:518,0
DA:520,0
DA:521,0
DA:522,0
DA:523,0
DA:524,0
DA:525,0
DA:526,0
DA:527,0
DA:528,0
DA:529,0
DA:530,0
DA:531,0
DA:532,0
DA:533,0
DA:534,0
DA:535,0
DA:536,0
DA:544,0
DA:545,0
DA:546,0
DA:553,0
DA:555,0
DA:556,0
DA:557,0
DA:558,0
DA:560,0
DA:561,0
DA:564,0
DA:565,0
DA:566,0
DA:567,0
DA:568,0
DA:569,0
DA:570,0
DA:571,0
DA:572,0
DA:573,0
DA:574,0
DA:576,0
DA:577,0
DA:578,0
DA:579,0
DA:580,0
DA:593,0
DA:594,0
DA:595,0
DA:596,0
DA:599,0
DA:600,0
DA:601,0
DA:602,0
DA:603,0
DA:604,0
DA:605,0
DA:606,0
DA:607,0
DA:611,0
DA:612,0
DA:613,0
DA:614,0
DA:617,0
DA:618,0
DA:619,0
DA:620,0
DA:621,0
DA:622,0
DA:623,0
DA:624,0
DA:625,0
DA:630,0
DA:631,0
DA:632,0
DA:633,0
DA:634,0
DA:635,0
DA:638,0
DA:639,0
DA:640,0
DA:641,0
DA:642,0
DA:643,0
DA:644,0
DA:645,0
DA:646,0
DA:647,0
DA:648,0
DA:658,0
DA:659,0
DA:660,0
DA:663,0
DA:664,0
DA:666,0
DA:667,0
DA:669,0
DA:670,0
DA:671,0
DA:672,0
DA:674,0
DA:675,0
DA:676,0
DA:677,0
DA:678,0
DA:679,0
DA:680,0
DA:681,0
DA:682,0
DA:683,0
DA:684,0
DA:685,0
DA:686,0
DA:687,0
DA:688,0
DA:689,0
DA:692,0
DA:693,0
DA:694,0
DA:695,0
DA:696,0
DA:698,0
DA:699,0
DA:700,0
DA:701,0
DA:702,0
DA:703,0
DA:704,0
DA:705,0
DA:706,0
DA:707,0
DA:712,0
DA:713,0
DA:714,0
DA:715,0
DA:718,0
DA:719,0
DA:721,0
DA:722,0
DA:723,0
DA:724,0
DA:725,0
DA:726,0
DA:728,0
DA:729,0
DA:730,0
DA:731,0
DA:732,0
DA:733,0
DA:734,0
DA:735,0
DA:736,0
DA:737,0
DA:738,0
DA:739,0
DA:741,0
DA:742,0
DA:743,0
DA:744,0
DA:745,0
DA:746,0
DA:749,0
DA:750,0
DA:751,0
DA:753,0
DA:754,0
DA:755,0
DA:756,0
DA:761,0
DA:762,0
DA:763,0
DA:764,0
DA:765,0
DA:768,0
DA:769,0
DA:771,0
DA:772,0
DA:774,0
DA:775,0
DA:776,0
DA:777,0
DA:778,0
DA:779,0
DA:780,0
DA:781,0
DA:782,0
DA:783,0
DA:784,0
DA:785,0
DA:786,0
DA:791,0
DA:792,0
DA:793,0
DA:794,0
DA:795,0
DA:798,0
DA:799,0
DA:801,0
DA:802,0
DA:804,0
DA:805,0
DA:806,0
DA:807,0
DA:808,0
DA:809,0
DA:810,0
DA:811,0
DA:812,0
DA:813,0
DA:814,0
DA:815,0
DA:816,0
DA:817,0
DA:818,0
DA:819,0
DA:820,0
DA:822,0
DA:823,0
DA:824,0
DA:828,0
DA:829,0
DA:830,0
DA:833,0
DA:834,0
DA:841,0
DA:842,0
DA:843,0
DA:844,0
DA:845,0
DA:848,0
DA:849,0
DA:850,0
DA:851,0
DA:852,0
DA:853,0
DA:854,0
DA:855,0
DA:856,0
DA:857,0
DA:858,0
DA:859,0
DA:860,0
DA:861,0
DA:862,0
DA:863,0
DA:867,1
DA:868,5
DA:869,5
DA:871,2
DA:872,5
DA:874,5
DA:875,3
DA:876,1
LH:140
LF:563
end_of_record
SF:C:\Users\johnd\utils\src\lib\civet.lib.ts
FN:27,compileCivetFiles
FN:54,civet2tsFile
FN:86,civet2ts
FN:100,civet2ast
FNDA:0,compileCivetFiles
FNDA:0,civet2tsFile
FNDA:0,civet2ts
FNDA:0,civet2ast
FNF:4
FNH:0
BRF:0
BRH:0
DA:1,1
DA:7,1
DA:8,1
DA:10,1
DA:11,1
DA:12,1
DA:14,1
DA:15,1
DA:16,1
DA:17,1
DA:18,1
DA:19,1
DA:20,1
DA:22,1
DA:27,0
DA:28,0
DA:29,0
DA:32,0
DA:33,0
DA:34,0
DA:35,0
DA:36,0
DA:37,0
DA:38,0
DA:39,0
DA:40,0
DA:41,0
DA:42,0
DA:43,0
DA:44,0
DA:45,0
DA:46,0
DA:48,0
DA:49,0
DA:50,0
DA:54,0
DA:55,0
DA:56,0
DA:57,0
DA:60,0
DA:61,0
DA:66,0
DA:67,0
DA:68,0
DA:70,0
DA:71,0
DA:72,0
DA:73,0
DA:74,0
DA:75,0
DA:76,0
DA:77,0
DA:78,0
DA:79,0
DA:80,0
DA:81,0
DA:82,0
DA:86,0
DA:87,0
DA:88,0
DA:91,0
DA:92,0
DA:93,0
DA:94,0
DA:95,0
DA:96,0
DA:100,0
DA:102,0
DA:103,0
DA:104,0
LH:14
LF:70
end_of_record
SF:C:\Users\johnd\utils\src\lib\datatypes.lib.ts
FN:39,defined
FN:52,notdefined
FN:63,croak
FN:80,assert
FN:93,isSymbol
FN:100,symbolName
FN:110,functionName
FN:117,functionDef
FN:124,regexpDef
FN:135,classDef
FN:146,className
FN:164,isArray
FN:181,isHash
FN:197,hashLike
FN:216,isString
FN:225,isChar
FN:240,isNonEmptyString
FN:248,isBoolean
FN:255,isNumber
FN:268,isPrimitive
FN:275,isNonPrimitive
FN:284,isInteger
FN:293,isArrayOfIntegers
FN:313,isArrayOfStrings
FN:335,isRegExp
FN:342,isFunction
FN:349,isEmpty
FN:375,nonEmpty
FN:385,hide
FN:392,unhide
FN:415,isClass
FN:422,isPromise
FN:436,isClassInstance
FN:477,isIterable
FN:489,addFunctionNames
FN:511,removeFunctionNames
FN:518,normalizeCode
FN:553,normalizeExpr
FN:569,assertIsDefined
FN:576,assertIsString
FN:583,assertIsNumber
FN:590,assertIsArray
FN:597,assertIsHash
FNDA:9638,defined
FNDA:20,notdefined
FNDA:0,croak
FNDA:4760,assert
FNDA:0,isSymbol
FNDA:0,symbolName
FNDA:0,functionName
FNDA:0,functionDef
FNDA:0,regexpDef
FNDA:0,classDef
FNDA:0,className
FNDA:3151,isArray
FNDA:1,isHash
FNDA:0,hashLike
FNDA:1812,isString
FNDA:0,isChar
FNDA:104,isNonEmptyString
FNDA:0,isBoolean
FNDA:37,isNumber
FNDA:2072,isPrimitive
FNDA:0,isNonPrimitive
FNDA:37,isInteger
FNDA:0,isArrayOfIntegers
FNDA:0,isArrayOfStrings
FNDA:345,isRegExp
FNDA:0,isFunction
FNDA:1248,isEmpty
FNDA:1228,nonEmpty
FNDA:0,hide
FNDA:0,unhide
FNDA:0,isClass
FNDA:0,isPromise
FNDA:0,isClassInstance
FNDA:0,isIterable
FNDA:0,addFunctionNames
FNDA:0,removeFunctionNames
FNDA:0,normalizeCode
FNDA:0,normalizeExpr
FNDA:0,assertIsDefined
FNDA:0,assertIsString
FNDA:0,assertIsNumber
FNDA:0,assertIsArray
FNDA:0,assertIsHash
FNF:43
FNH:13
BRDA:41,1,0,4289
BRDA:54,2,0,0
BRDA:85,4,0,0
BRDA:218,15,0,1628
BRDA:259,19,0,0
BRDA:351,27,0,0
BRDA:354,27,1,20
BRDA:356,27,2,1228
BRDA:357,27,3,0
BRDA:359,27,4,1228
BRDA:362,27,5,0
BRF:11
BRH:5
DA:1,1
DA:4,1
DA:5,1
DA:7,1
DA:33,1
DA:39,1
DA:41,9639
DA:42,1
DA:52,1
DA:54,0
DA:55,1
DA:63,0
DA:65,0
DA:66,0
DA:80,1
DA:81,1
DA:82,1
DA:85,0
DA:86,0
DA:87,0
DA:88,4761
DA:89,1
DA:93,0
DA:95,0
DA:96,0
DA:100,0
DA:102,0
DA:103,0
DA:104,0
DA:105,0
DA:106,0
DA:110,0
DA:112,0
DA:113,0
DA:117,0
DA:119,0
DA:120,0
DA:124,0
DA:126,0
DA:127,0
DA:128,0
DA:129,0
DA:130,0
DA:131,0
DA:135,0
DA:137,0
DA:138,0
DA:139,0
DA:140,0
DA:141,0
DA:142,0
DA:146,0
DA:149,0
DA:150,0
DA:151,0
DA:152,0
DA:153,0
DA:154,0
DA:155,0
DA:156,0
DA:157,0
DA:164,1
DA:166,3152
DA:167,1
DA:181,1
DA:183,2
DA:184,2
DA:185,2
DA:186,2
DA:187,2
DA:189,1
DA:197,0
DA:199,0
DA:200,0
DA:201,0
DA:202,0
DA:203,0
DA:204,0
DA:205,0
DA:206,0
DA:207,0
DA:208,0
DA:209,0
DA:210,0
DA:211,0
DA:212,0
DA:216,1
DA:218,1813
DA:219,1
DA:225,0
DA:227,0
DA:228,0
DA:240,1
DA:243,105
DA:244,1
DA:248,0
DA:250,0
DA:251,0
DA:255,1
DA:257,0
DA:258,0
DA:259,0
DA:260,0
DA:262,1
DA:266,8
DA:268,1
DA:270,2073
DA:271,1
DA:275,0
DA:277,0
DA:278,0
DA:284,1
DA:286,38
DA:287,1
DA:293,0
DA:295,0
DA:296,0
DA:297,0
DA:298,0
DA:299,0
DA:300,0
DA:301,0
DA:302,0
DA:303,0
DA:304,0
DA:313,0
DA:315,0
DA:316,0
DA:317,0
DA:318,0
DA:319,0
DA:320,0
DA:321,0
DA:322,0
DA:323,0
DA:324,0
DA:335,1
DA:337,346
DA:338,1
DA:342,0
DA:344,0
DA:345,0
DA:349,1
DA:351,0
DA:352,0
DA:353,0
DA:354,1249
DA:355,1269
DA:356,1269
DA:357,0
DA:358,0
DA:359,0
DA:360,2477
DA:361,2477
DA:362,0
DA:363,0
DA:364,0
DA:365,0
DA:366,1
DA:375,1
DA:377,1229
DA:378,1
DA:382,1
DA:383,1
DA:385,0
DA:387,0
DA:388,0
DA:392,0
DA:394,0
DA:395,0
DA:396,0
DA:397,0
DA:398,0
DA:399,0
DA:400,0
DA:401,0
DA:402,0
DA:403,0
DA:404,0
DA:405,0
DA:406,0
DA:407,0
DA:408,0
DA:409,0
DA:410,0
DA:411,0
DA:415,0
DA:417,0
DA:418,0
DA:422,0
DA:424,0
DA:425,0
DA:426,0
DA:427,0
DA:428,0
DA:430,0
DA:436,0
DA:437,0
DA:438,0
DA:441,0
DA:442,0
DA:443,0
DA:445,0
DA:446,0
DA:447,0
DA:449,0
DA:450,0
DA:451,0
DA:452,0
DA:453,0
DA:454,0
DA:456,0
DA:457,0
DA:458,0
DA:459,0
DA:460,0
DA:461,0
DA:462,0
DA:463,0
DA:464,0
DA:465,0
DA:466,0
DA:467,0
DA:468,0
DA:469,0
DA:470,0
DA:471,0
DA:472,0
DA:473,0
DA:477,0
DA:479,0
DA:480,0
DA:481,0
DA:482,0
DA:483,0
DA:489,0
DA:495,0
DA:496,0
DA:497,0
DA:498,0
DA:499,0
DA:500,0
DA:501,0
DA:502,0
DA:503,0
DA:505,0
DA:506,0
DA:507,0
DA:511,0
DA:513,0
DA:514,0
DA:518,0
DA:519,0
DA:526,0
DA:531,0
DA:532,0
DA:533,0
DA:534,0
DA:535,0
DA:536,0
DA:537,0
DA:538,0
DA:539,0
DA:540,0
DA:541,0
DA:542,0
DA:543,0
DA:544,0
DA:545,0
DA:546,0
DA:547,0
DA:548,0
DA:549,0
DA:553,0
DA:554,0
DA:557,0
DA:558,0
DA:559,0
DA:560,0
DA:561,0
DA:562,0
DA:563,0
DA:564,0
DA:565,0
DA:569,0
DA:570,0
DA:573,0
DA:574,0
DA:576,0
DA:577,0
DA:580,0
DA:581,0
DA:583,0
DA:584,0
DA:587,0
DA:588,0
DA:590,0
DA:591,0
DA:594,0
DA:595,0
DA:597,0
DA:598,0
DA:601,0
DA:602,0
LH:55
LF:304
end_of_record
SF:C:\Users\johnd\utils\src\lib\exec.lib.ts
FN:42,mkstr
FN:61,getCmdLine
FN:87,execCmd
FN:113,execCmds
FN:127,execCmdSync
FN:152,getCmdOutput
FN:178,getCmdOutputSync
FN:204,cmdSucceeds
FNDA:0,mkstr
FNDA:0,getCmdLine
FNDA:0,execCmd
FNDA:0,execCmds
FNDA:0,execCmdSync
FNDA:0,getCmdOutput
FNDA:0,getCmdOutputSync
FNDA:0,cmdSucceeds
FNF:8
FNH:0
BRF:0
BRH:0
DA:1,1
DA:6,1
DA:13,1
DA:14,1
DA:15,1
DA:16,1
DA:17,1
DA:18,1
DA:19,1
DA:20,1
DA:21,1
DA:22,1
DA:23,1
DA:24,1
DA:25,1
DA:34,1
DA:42,0
DA:44,0
DA:45,0
DA:46,0
DA:47,0
DA:48,0
DA:49,0
DA:50,0
DA:51,0
DA:52,0
DA:53,0
DA:61,0
DA:63,0
DA:64,0
DA:65,0
DA:66,0
DA:67,0
DA:68,0
DA:87,0
DA:88,0
DA:89,0
DA:92,0
DA:93,0
DA:94,0
DA:95,0
DA:96,0
DA:97,0
DA:98,0
DA:99,0
DA:100,0
DA:101,0
DA:102,0
DA:103,0
DA:104,0
DA:105,0
DA:106,0
DA:107,0
DA:113,0
DA:114,0
DA:117,0
DA:118,0
DA:119,0
DA:121,0
DA:122,0
DA:123,0
DA:127,0
DA:128,0
DA:129,0
DA:132,0
DA:133,0
DA:134,0
DA:135,0
DA:136,0
DA:137,0
DA:138,0
DA:139,0
DA:140,0
DA:141,0
DA:142,0
DA:143,0
DA:144,0
DA:145,0
DA:146,0
DA:147,0
DA:152,0
DA:153,0
DA:154,0
DA:157,0
DA:158,0
DA:159,0
DA:160,0
DA:161,0
DA:162,0
DA:163,0
DA:164,0
DA:165,0
DA:166,0
DA:167,0
DA:168,0
DA:169,0
DA:170,0
DA:171,0
DA:172,0
DA:173,0
DA:174,0
DA:178,0
DA:179,0
DA:180,0
DA:183,0
DA:184,0
DA:185,0
DA:186,0
DA:187,0
DA:188,0
DA:189,0
DA:190,0
DA:191,0
DA:192,0
DA:193,0
DA:194,0
DA:195,0
DA:196,0
DA:197,0
DA:198,0
DA:199,0
DA:200,0
DA:204,0
DA:205,0
DA:206,0
DA:207,0
DA:213,0
DA:214,0
DA:215,0
DA:216,0
DA:217,0
DA:218,0
DA:219,0
DA:220,0
DA:221,0
DA:222,0
DA:223,0
DA:224,0
DA:225,0
DA:226,0
DA:227,0
DA:228,0
DA:229,0
LH:16
LF:143
end_of_record
SF:C:\Users\johnd\utils\src\lib\fsys.lib.ts
FN:68,isFile
FN:80,isDir
FN:99,getPathType
FN:121,fileExt
FN:138,withExt
FN:163,getStats
FN:171,isStub
FN:206,parsePath
FN:294,allFilesMatching
FN:366,findSrcFile
FN:408,allLinesIn
FN:431,normalizePath
FN:444,pathToURL
FN:457,mkpath
FN:477,pathSubDirs
FN:498,myself
FN:506,barf
FN:531,barfTempFile
FN:549,isExt
FN:556,newerDestFileExists
FN:581,mkDir
FN:602,rmFile
FN:619,rmDir
FN:644,mkDirsForFile
FN:663,clearDir
FN:672,removeFilesMatching
FN:687,removeFilesExcept
FN:746,<instance_members_initializer>
FN:751,FileEventHandler
FN:774,handle
FN:800,watchFile
FN:844,patchFirstLine
FNDA:0,isFile
FNDA:0,isDir
FNDA:0,getPathType
FNDA:168,fileExt
FNDA:84,withExt
FNDA:0,getStats
FNDA:0,isStub
FNDA:0,parsePath
FNDA:0,allFilesMatching
FNDA:0,findSrcFile
FNDA:0,allLinesIn
FNDA:0,normalizePath
FNDA:0,pathToURL
FNDA:0,mkpath
FNDA:0,pathSubDirs
FNDA:0,myself
FNDA:0,barf
FNDA:0,barfTempFile
FNDA:0,isExt
FNDA:0,newerDestFileExists
FNDA:0,mkDir
FNDA:0,rmFile
FNDA:0,rmDir
FNDA:0,mkDirsForFile
FNDA:0,clearDir
FNDA:0,removeFilesMatching
FNDA:0,removeFilesExcept
FNDA:0,<instance_members_initializer>
FNDA:0,FileEventHandler
FNDA:0,handle
FNDA:0,watchFile
FNDA:0,patchFirstLine
FNF:32
FNH:2
BRDA:125,4,0,0
BRDA:143,5,0,0
BRF:2
BRH:0
DA:1,1
DA:5,1
DA:6,1
DA:7,1
DA:8,1
DA:9,1
DA:10,1
DA:11,1
DA:16,1
DA:18,1
DA:19,1
DA:22,1
DA:23,1
DA:24,1
DA:26,1
DA:27,1
DA:28,1
DA:29,1
DA:30,1
DA:31,1
DA:34,1
DA:35,1
DA:36,1
DA:37,1
DA:38,1
DA:39,1
DA:40,1
DA:41,1
DA:42,1
DA:43,1
DA:45,1
DA:54,1
DA:58,1
DA:59,1
DA:68,0
DA:70,0
DA:71,0
DA:80,0
DA:82,0
DA:83,0
DA:99,0
DA:101,0
DA:102,0
DA:103,0
DA:104,0
DA:105,0
DA:106,0
DA:107,0
DA:108,0
DA:109,0
DA:110,0
DA:112,0
DA:121,1
DA:123,507
DA:124,169
DA:125,0
DA:126,0
DA:127,0
DA:128,0
DA:129,1
DA:138,1
DA:140,85
DA:141,85
DA:142,85
DA:143,0
DA:144,0
DA:145,0
DA:146,85
DA:147,85
DA:148,1
DA:152,1
DA:153,7
DA:154,3
DA:155,4
DA:156,4
DA:157,1
DA:163,0
DA:165,0
DA:166,0
DA:167,0
DA:171,0
DA:174,0
DA:175,0
DA:206,0
DA:211,0
DA:212,0
DA:213,0
DA:214,0
DA:215,0
DA:217,0
DA:219,0
DA:220,0
DA:221,0
DA:222,0
DA:223,0
DA:224,0
DA:225,0
DA:226,0
DA:227,0
DA:228,0
DA:229,0
DA:230,0
DA:231,0
DA:232,0
DA:233,0
DA:234,0
DA:235,0
DA:236,0
DA:237,0
DA:240,0
DA:241,0
DA:242,0
DA:244,0
DA:245,0
DA:246,0
DA:247,0
DA:248,0
DA:249,0
DA:250,0
DA:251,0
DA:252,0
DA:253,0
DA:254,0
DA:255,0
DA:256,0
DA:294,0
DA:295,0
DA:296,0
DA:307,0
DA:308,0
DA:309,0
DA:310,0
DA:311,0
DA:312,0
DA:313,0
DA:314,0
DA:315,0
DA:316,0
DA:317,0
DA:318,0
DA:319,0
DA:320,0
DA:321,0
DA:322,0
DA:323,0
DA:324,0
DA:325,0
DA:327,0
DA:328,0
DA:329,0
DA:330,0
DA:331,0
DA:332,0
DA:333,0
DA:335,0
DA:338,0
DA:339,0
DA:340,0
DA:341,0
DA:342,0
DA:343,0
DA:345,0
DA:346,0
DA:347,0
DA:348,0
DA:349,0
DA:350,0
DA:351,0
DA:352,0
DA:353,0
DA:354,0
DA:355,0
DA:356,0
DA:357,0
DA:358,0
DA:359,0
DA:360,0
DA:361,0
DA:366,0
DA:367,0
DA:368,0
DA:374,0
DA:375,0
DA:376,0
DA:378,0
DA:379,0
DA:380,0
DA:381,0
DA:382,0
DA:383,0
DA:384,0
DA:385,0
DA:386,0
DA:387,0
DA:388,0
DA:389,0
DA:390,0
DA:391,0
DA:392,0
DA:393,0
DA:394,0
DA:408,0
DA:409,0
DA:412,0
DA:413,0
DA:414,0
DA:415,0
DA:416,0
DA:418,0
DA:419,0
DA:420,0
DA:421,0
DA:422,0
DA:431,0
DA:433,0
DA:434,0
DA:435,0
DA:436,0
DA:437,0
DA:438,0
DA:439,0
DA:440,0
DA:444,0
DA:446,0
DA:447,0
DA:448,0
DA:457,0
DA:459,0
DA:460,0
DA:461,0
DA:477,0
DA:482,0
DA:483,0
DA:484,0
DA:485,0
DA:486,0
DA:487,0
DA:488,0
DA:489,0
DA:490,0
DA:491,0
DA:492,0
DA:498,0
DA:500,0
DA:501,0
DA:506,0
DA:507,0
DA:508,0
DA:509,0
DA:515,0
DA:516,0
DA:517,0
DA:518,0
DA:519,0
DA:520,0
DA:521,0
DA:522,0
DA:523,0
DA:524,0
DA:525,0
DA:526,0
DA:527,0
DA:531,0
DA:532,0
DA:533,0
DA:539,0
DA:540,0
DA:541,0
DA:542,0
DA:543,0
DA:544,0
DA:545,0
DA:549,0
DA:551,0
DA:552,0
DA:556,0
DA:557,0
DA:558,0
DA:561,0
DA:562,0
DA:563,0
DA:564,0
DA:565,0
DA:566,0
DA:567,0
DA:568,0
DA:569,0
DA:570,0
DA:571,0
DA:581,0
DA:582,0
DA:583,0
DA:586,0
DA:587,0
DA:588,0
DA:589,0
DA:590,0
DA:591,0
DA:592,0
DA:593,0
DA:602,0
DA:604,0
DA:605,0
DA:606,0
DA:607,0
DA:608,0
DA:619,0
DA:624,0
DA:625,0
DA:626,0
DA:627,0
DA:628,0
DA:629,0
DA:630,0
DA:631,0
DA:632,0
DA:633,0
DA:634,0
DA:635,0
DA:636,0
DA:644,0
DA:646,0
DA:647,0
DA:648,0
DA:649,0
DA:650,0
DA:651,0
DA:652,0
DA:653,0
DA:654,0
DA:655,0
DA:663,0
DA:665,0
DA:666,0
DA:667,0
DA:672,0
DA:673,0
DA:674,0
DA:677,0
DA:678,0
DA:679,0
DA:680,0
DA:681,0
DA:682,0
DA:683,0
DA:687,0
DA:688,0
DA:689,0
DA:690,0
DA:696,0
DA:697,0
DA:698,0
DA:699,0
DA:700,0
DA:701,0
DA:702,0
DA:703,0
DA:704,0
DA:707,0
DA:708,0
DA:709,0
DA:710,0
DA:711,0
DA:712,0
DA:713,0
DA:714,0
DA:715,0
DA:717,0
DA:718,0
DA:719,0
DA:720,0
DA:721,0
DA:722,0
DA:723,0
DA:744,1
DA:746,0
DA:747,0
DA:751,0
DA:752,0
DA:753,0
DA:754,0
DA:760,0
DA:761,0
DA:762,0
DA:763,0
DA:764,0
DA:765,0
DA:766,0
DA:767,0
DA:768,0
DA:769,0
DA:774,0
DA:775,0
DA:776,0
DA:778,0
DA:779,0
DA:780,0
DA:781,0
DA:782,0
DA:783,1
DA:800,0
DA:801,0
DA:802,0
DA:803,0
DA:807,0
DA:808,0
DA:809,0
DA:811,0
DA:812,0
DA:814,0
DA:816,0
DA:817,0
DA:818,0
DA:819,0
DA:820,0
DA:821,0
DA:822,0
DA:823,0
DA:825,0
DA:827,0
DA:828,0
DA:829,0
DA:830,0
DA:831,0
DA:832,0
DA:833,0
DA:835,0
DA:836,0
DA:837,0
DA:838,0
DA:840,1
DA:844,0
DA:845,0
DA:846,0
DA:847,0
DA:851,0
DA:852,0
DA:853,0
DA:854,0
DA:855,0
DA:856,0
DA:857,0
DA:858,0
LH:54
LF:443
end_of_record
SF:C:\Users\johnd\utils\src\lib\indent.lib.ts
FN:26,resetOneIndent
FN:39,indentLevel
FN:97,splitLine
FN:120,indented
FN:155,undented
FNDA:0,resetOneIndent
FNDA:0,indentLevel
FNDA:0,splitLine
FNDA:0,indented
FNDA:0,undented
FNF:5
FNH:0
BRF:0
BRH:0
DA:1,1
DA:4,1
DA:5,1
DA:6,1
DA:8,1
DA:9,1
DA:10,1
DA:11,1
DA:12,1
DA:18,1
DA:26,0
DA:28,0
DA:29,0
DA:30,0
DA:39,0
DA:43,0
DA:45,0
DA:46,0
DA:47,0
DA:50,0
DA:51,0
DA:52,0
DA:53,0
DA:61,0
DA:62,0
DA:63,0
DA:64,0
DA:65,0
DA:66,0
DA:67,0
DA:68,0
DA:69,0
DA:70,0
DA:71,0
DA:72,0
DA:73,0
DA:74,0
DA:75,0
DA:76,0
DA:78,0
DA:79,0
DA:80,0
DA:81,0
DA:82,0
DA:83,0
DA:84,0
DA:97,0
DA:99,0
DA:100,0
DA:101,0
DA:120,0
DA:121,0
DA:122,0
DA:123,0
DA:131,0
DA:132,0
DA:133,0
DA:135,0
DA:136,0
DA:137,0
DA:138,0
DA:141,0
DA:142,0
DA:143,0
DA:144,0
DA:145,0
DA:146,0
DA:155,0
DA:158,0
DA:162,0
DA:163,0
DA:164,0
DA:165,0
DA:166,0
DA:167,0
DA:168,0
DA:169,0
DA:170,0
DA:171,0
DA:172,0
DA:173,0
DA:174,0
DA:175,0
DA:176,0
DA:177,0
DA:178,0
DA:179,0
DA:180,0
DA:181,0
DA:182,0
DA:183,0
DA:184,0
DA:185,0
DA:186,0
DA:188,0
DA:189,0
LH:10
LF:96
end_of_record
SF:C:\Users\johnd\utils\src\lib\llutils.lib.ts
FN:27,sinceLoad
FN:39,sinceLoadStr
FN:51,throwsError
FN:68,pass
FN:72,truncStr
FN:82,stringify
FN:170,strToHash
FN:214,o
FN:225,s
FN:243,t
FN:260,getOptions
FN:275,removeEmptyKeys
FN:293,keys
FN:318,hasKey
FN:335,missingKeys
FN:357,merge
FN:364,hit
FN:372,sleep
FN:380,sleepSync
FN:395,spaces
FN:408,tabs
FN:419,rtrim
FN:432,countChars
FN:449,blockToArray
FN:461,allLinesInBlock
FN:482,mapEachLine
FN:501,isBlockSpec
FN:513,toArray
FN:529,arrayToBlock
FN:542,toBlock
FN:554,invertHash
FN:611,escapeStr
FN:694,unescapeStr
FN:768,escapeBlock
FN:779,relpath
FN:791,wsSplit
FN:810,words
FN:829,getNExtra
FN:842,rpad
FN:856,lpad
FN:868,centered
FN:901,isAlignment
FN:909,alignString
FN:935,zpad
FN:943,allMatches
FN:961,range
FN:977,<instance_members_initializer>
FN:980,Fetcher
FN:982,peek
FN:998,get
FN:1015,skip
FN:1020,atEnd
FN:1039,assertSameStr
FN:1059,interpolate
FN:1077,labelGen
FN:1100,randomLabel
FN:1111,getLineAndColumn
FN:1129,getDsPath
FN:1139,extract
FN:1153,getString
FN:1168,getNumber
FN:1185,<instance_members_initializer>
FN:1189,add
FN:1205,getMap
FNDA:0,sinceLoad
FNDA:0,sinceLoadStr
FNDA:0,throwsError
FNDA:0,pass
FNDA:0,truncStr
FNDA:37,stringify
FNDA:20,strToHash
FNDA:20,o
FNDA:0,s
FNDA:0,t
FNDA:5493,getOptions
FNDA:0,removeEmptyKeys
FNDA:0,keys
FNDA:0,hasKey
FNDA:0,missingKeys
FNDA:0,merge
FNDA:0,hit
FNDA:0,sleep
FNDA:0,sleepSync
FNDA:4228,spaces
FNDA:0,tabs
FNDA:0,rtrim
FNDA:0,countChars
FNDA:0,blockToArray
FNDA:0,allLinesInBlock
FNDA:0,mapEachLine
FNDA:0,isBlockSpec
FNDA:0,toArray
FNDA:344,arrayToBlock
FNDA:344,toBlock
FNDA:0,invertHash
FNDA:1228,escapeStr
FNDA:0,unescapeStr
FNDA:0,escapeBlock
FNDA:84,relpath
FNDA:0,wsSplit
FNDA:0,words
FNDA:0,getNExtra
FNDA:0,rpad
FNDA:0,lpad
FNDA:232,centered
FNDA:0,isAlignment
FNDA:0,alignString
FNDA:0,zpad
FNDA:0,allMatches
FNDA:0,range
FNDA:0,<instance_members_initializer>
FNDA:0,Fetcher
FNDA:0,peek
FNDA:0,get
FNDA:0,skip
FNDA:0,atEnd
FNDA:0,assertSameStr
FNDA:0,interpolate
FNDA:1,labelGen
FNDA:0,randomLabel
FNDA:0,getLineAndColumn
FNDA:0,getDsPath
FNDA:0,extract
FNDA:0,getString
FNDA:0,getNumber
FNDA:0,<instance_members_initializer>
FNDA:0,add
FNDA:0,getMap
FNF:64
FNH:11
BRDA:101,6,0,0
BRDA:104,6,1,10
BRDA:105,6,2,7
BRDA:105,6,3,3
BRDA:107,6,4,1
BRDA:110,6,5,0
BRDA:113,6,6,20
BRDA:116,6,7,0
BRDA:124,6,8,6
BRDA:125,6,9,0
BRDA:128,6,10,5
BRDA:130,6,11,0
BRDA:136,6,12,1
BRDA:138,6,13,6
BRDA:141,6,14,0
BRDA:147,6,15,0
BRDA:152,6,16,0
BRDA:155,6,17,0
BRDA:160,6,18,0
BRDA:129,7,0,11
BRDA:172,8,0,0
BRDA:180,8,1,0
BRDA:184,8,2,0
BRDA:197,8,3,0
BRDA:204,8,4,0
BRDA:398,21,0,0
BRDA:544,32,0,0
BRDA:646,34,0,0
BRDA:649,34,1,20
BRDA:650,34,2,0
BRDA:656,34,3,1208
BRDA:658,34,4,0
BRDA:667,34,5,0
BRDA:674,34,6,30160
BRDA:675,34,7,0
BRDA:678,34,8,0
BRDA:681,34,9,0
BRDA:684,34,10,27303
BRDA:686,34,11,0
BRDA:876,43,0,0
BRDA:881,43,1,0
BRDA:1079,57,0,0
BRF:42
BRH:14
DA:1,1
DA:6,1
DA:7,1
DA:8,1
DA:10,1
DA:11,1
DA:12,1
DA:13,1
DA:15,1
DA:16,1
DA:17,1
DA:23,1
DA:27,0
DA:29,0
DA:30,0
DA:31,0
DA:32,0
DA:33,0
DA:34,0
DA:35,0
DA:39,0
DA:41,0
DA:42,0
DA:51,0
DA:53,0
DA:54,0
DA:55,0
DA:56,0
DA:57,0
DA:58,0
DA:59,0
DA:60,0
DA:68,0
DA:72,0
DA:74,0
DA:75,0
DA:76,0
DA:77,0
DA:78,0
DA:82,1
DA:83,1
DA:84,1
DA:85,1
DA:93,38
DA:94,38
DA:95,38
DA:96,38
DA:97,38
DA:98,38
DA:100,76
DA:101,0
DA:102,0
DA:103,0
DA:104,86
DA:105,96
DA:106,48
DA:107,77
DA:108,78
DA:109,39
DA:110,0
DA:111,0
DA:112,0
DA:113,96
DA:114,116
DA:115,58
DA:116,0
DA:117,0
DA:118,0
DA:119,0
DA:120,0
DA:121,0
DA:122,0
DA:123,0
DA:124,82
DA:125,0
DA:126,0
DA:127,0
DA:128,0
DA:129,390
DA:130,0
DA:131,0
DA:132,0
DA:133,0
DA:134,49
DA:135,49
DA:136,44
DA:137,44
DA:138,141
DA:139,51
DA:140,96
DA:141,0
DA:142,0
DA:143,0
DA:144,0
DA:145,45
DA:146,45
DA:147,0
DA:148,0
DA:149,0
DA:150,44
DA:151,44
DA:152,0
DA:153,0
DA:154,0
DA:155,0
DA:156,0
DA:157,0
DA:158,76
DA:160,0
DA:161,0
DA:162,0
DA:163,0
DA:164,38
DA:165,38
DA:166,1
DA:170,1
DA:172,0
DA:173,0
DA:174,0
DA:175,21
DA:176,21
DA:177,63
DA:178,21
DA:179,21
DA:180,0
DA:181,0
DA:184,0
DA:185,0
DA:186,0
DA:188,0
DA:189,0
DA:190,0
DA:191,0
DA:192,0
DA:193,0
DA:194,0
DA:195,21
DA:196,21
DA:197,0
DA:198,0
DA:199,0
DA:200,0
DA:201,0
DA:202,0
DA:203,0
DA:204,0
DA:205,0
DA:206,0
DA:207,0
DA:208,21
DA:209,21
DA:210,1
DA:214,1
DA:216,21
DA:217,1
DA:225,0
DA:227,0
DA:228,0
DA:229,0
DA:230,0
DA:231,0
DA:232,0
DA:233,0
DA:234,0
DA:235,0
DA:243,0
DA:245,0
DA:246,0
DA:247,0
DA:248,0
DA:249,0
DA:250,0
DA:260,1
DA:261,1
DA:262,1
DA:265,21976
DA:266,1
DA:275,0
DA:277,0
DA:278,0
DA:279,0
DA:280,0
DA:281,0
DA:282,0
DA:283,0
DA:284,0
DA:293,0
DA:298,0
DA:299,0
DA:300,0
DA:302,0
DA:303,0
DA:304,0
DA:305,0
DA:306,0
DA:307,0
DA:308,0
DA:309,0
DA:310,0
DA:314,1
DA:318,0
DA:320,0
DA:321,0
DA:322,0
DA:323,0
DA:324,0
DA:325,0
DA:326,0
DA:327,0
DA:328,0
DA:329,0
DA:331,1
DA:335,0
DA:337,0
DA:338,0
DA:339,0
DA:340,0
DA:341,0
DA:342,0
DA:343,0
DA:344,0
DA:345,0
DA:346,0
DA:347,0
DA:348,0
DA:357,0
DA:359,0
DA:360,0
DA:364,0
DA:366,0
DA:367,0
DA:372,0
DA:374,0
DA:375,0
DA:376,0
DA:380,0
DA:382,0
DA:383,0
DA:384,0
DA:385,0
DA:386,0
DA:395,1
DA:398,0
DA:399,1
DA:408,0
DA:410,0
DA:411,0
DA:419,0
DA:421,0
DA:422,0
DA:423,0
DA:424,0
DA:432,0
DA:434,0
DA:435,0
DA:436,0
DA:437,0
DA:438,0
DA:439,0
DA:440,0
DA:449,0
DA:451,0
DA:452,0
DA:453,0
DA:454,0
DA:455,0
DA:456,0
DA:457,0
DA:461,0
DA:462,0
DA:465,0
DA:466,0
DA:467,0
DA:468,0
DA:469,0
DA:470,0
DA:471,0
DA:472,0
DA:473,0
DA:474,0
DA:475,0
DA:476,0
DA:482,0
DA:483,0
DA:484,0
DA:487,0
DA:488,0
DA:489,0
DA:490,0
DA:491,0
DA:501,0
DA:503,0
DA:504,0
DA:513,0
DA:515,0
DA:516,0
DA:517,0
DA:518,0
DA:519,0
DA:520,0
DA:521,0
DA:529,1
DA:531,345
DA:532,345
DA:533,1
DA:542,1
DA:544,0
DA:545,0
DA:546,0
DA:547,0
DA:548,345
DA:549,345
DA:550,1
DA:554,0
DA:556,0
DA:557,0
DA:558,0
DA:559,0
DA:560,0
DA:561,0
DA:562,0
DA:563,0
DA:564,0
DA:565,0
DA:582,1
DA:583,1
DA:584,1
DA:585,1
DA:586,1
DA:587,1
DA:588,1
DA:589,1
DA:590,1
DA:591,1
DA:592,1
DA:594,1
DA:595,1
DA:596,1
DA:597,1
DA:598,1
DA:599,1
DA:601,1
DA:602,1
DA:603,1
DA:604,1
DA:605,1
DA:607,1
DA:608,1
DA:609,1
DA:611,1
DA:612,1
DA:613,1
DA:626,1229
DA:627,1229
DA:628,1229
DA:629,1229
DA:630,1229
DA:631,1229
DA:632,1229
DA:633,1229
DA:634,1229
DA:635,1229
DA:636,1229
DA:637,1229
DA:638,1229
DA:639,1229
DA:640,1229
DA:641,1229
DA:642,1229
DA:643,1229
DA:645,1229
DA:646,0
DA:647,0
DA:648,0
DA:649,0
DA:650,0
DA:651,0
DA:652,0
DA:653,0
DA:654,1249
DA:655,1249
DA:656,1229
DA:657,1229
DA:658,0
DA:659,0
DA:660,0
DA:661,0
DA:662,2437
DA:663,2437
DA:664,2437
DA:666,0
DA:667,0
DA:668,0
DA:670,3687
DA:673,1229
DA:674,33847
DA:675,0
DA:676,0
DA:677,0
DA:678,0
DA:679,0
DA:680,0
DA:681,0
DA:682,0
DA:683,0
DA:684,31389
DA:685,31389
DA:686,0
DA:687,0
DA:688,0
DA:689,1229
DA:690,1
DA:694,0
DA:695,0
DA:696,0
DA:703,0
DA:704,0
DA:705,0
DA:706,0
DA:708,0
DA:709,0
DA:710,0
DA:711,0
DA:712,0
DA:713,0
DA:714,0
DA:715,0
DA:716,0
DA:717,0
DA:718,0
DA:719,0
DA:720,0
DA:721,0
DA:722,0
DA:723,0
DA:724,0
DA:725,0
DA:726,0
DA:727,0
DA:728,0
DA:730,0
DA:731,0
DA:732,0
DA:733,0
DA:734,0
DA:735,0
DA:736,0
DA:737,0
DA:738,0
DA:739,0
DA:740,0
DA:741,0
DA:742,0
DA:743,0
DA:744,0
DA:745,0
DA:746,0
DA:747,0
DA:748,0
DA:749,0
DA:750,0
DA:751,0
DA:752,0
DA:753,0
DA:754,0
DA:755,0
DA:756,0
DA:757,0
DA:758,0
DA:768,0
DA:769,0
DA:770,0
DA:773,0
DA:774,0
DA:775,0
DA:779,1
DA:781,85
DA:782,1
DA:791,0
DA:793,0
DA:794,0
DA:795,0
DA:796,0
DA:797,0
DA:798,0
DA:799,0
DA:800,0
DA:810,0
DA:812,0
DA:813,0
DA:814,0
DA:815,0
DA:816,0
DA:817,0
DA:818,0
DA:819,0
DA:829,0
DA:831,0
DA:832,0
DA:833,0
DA:842,0
DA:844,0
DA:845,0
DA:846,0
DA:847,0
DA:856,0
DA:858,0
DA:859,0
DA:860,0
DA:861,0
DA:868,1
DA:869,1
DA:870,1
DA:871,1
DA:872,1
DA:875,233
DA:876,0
DA:877,0
DA:878,0
DA:879,233
DA:880,233
DA:881,0
DA:882,0
DA:883,0
DA:884,0
DA:885,233
DA:886,233
DA:887,233
DA:888,233
DA:889,233
DA:890,1
DA:901,0
DA:903,0
DA:904,0
DA:905,0
DA:907,0
DA:909,0
DA:910,0
DA:911,0
DA:912,0
DA:915,0
DA:916,0
DA:917,0
DA:918,0
DA:919,0
DA:920,0
DA:921,0
DA:922,0
DA:923,0
DA:924,0
DA:925,0
DA:926,0
DA:935,0
DA:937,0
DA:938,0
DA:943,0
DA:946,0
DA:947,0
DA:948,0
DA:949,0
DA:950,0
DA:951,0
DA:952,0
DA:961,0
DA:962,0
DA:965,0
DA:966,0
DA:967,0
DA:968,0
DA:969,0
DA:970,0
DA:971,0
DA:975,1
DA:977,0
DA:978,0
DA:980,0
DA:982,0
DA:983,0
DA:984,0
DA:985,0
DA:986,0
DA:987,0
DA:988,0
DA:989,0
DA:990,0
DA:991,0
DA:992,0
DA:993,0
DA:994,0
DA:995,0
DA:996,0
DA:998,0
DA:999,0
DA:1000,0
DA:1001,0
DA:1002,0
DA:1003,0
DA:1004,0
DA:1005,0
DA:1006,0
DA:1007,0
DA:1008,0
DA:1009,0
DA:1010,0
DA:1011,0
DA:1012,0
DA:1013,0
DA:1015,0
DA:1016,0
DA:1017,0
DA:1018,0
DA:1020,0
DA:1021,0
DA:1022,0
DA:1023,0
DA:1024,0
DA:1025,0
DA:1026,0
DA:1027,0
DA:1028,0
DA:1029,0
DA:1030,0
DA:1031,0
DA:1032,0
DA:1033,0
DA:1034,0
DA:1035,1
DA:1039,0
DA:1040,0
DA:1041,0
DA:1044,0
DA:1045,0
DA:1046,0
DA:1047,0
DA:1048,0
DA:1049,0
DA:1050,0
DA:1051,0
DA:1053,0
DA:1054,0
DA:1055,0
DA:1059,0
DA:1060,0
DA:1061,0
DA:1064,0
DA:1065,0
DA:1066,0
DA:1067,0
DA:1068,0
DA:1069,0
DA:1070,0
DA:1072,0
DA:1077,1
DA:1079,0
DA:1080,0
DA:1081,0
DA:1082,0
DA:1083,0
DA:1084,0
DA:1085,0
DA:1086,0
DA:1087,0
DA:1088,0
DA:1089,0
DA:1090,0
DA:1091,0
DA:1092,0
DA:1093,0
DA:1094,0
DA:1095,1
DA:1098,1
DA:1100,0
DA:1101,0
DA:1102,0
DA:1103,0
DA:1107,1
DA:1111,0
DA:1118,0
DA:1119,0
DA:1120,0
DA:1121,0
DA:1122,0
DA:1123,0
DA:1129,0
DA:1131,0
DA:1132,0
DA:1133,0
DA:1134,0
DA:1135,0
DA:1139,0
DA:1140,0
DA:1141,0
DA:1144,0
DA:1145,0
DA:1146,0
DA:1147,0
DA:1148,0
DA:1149,0
DA:1153,0
DA:1154,0
DA:1155,0
DA:1158,0
DA:1159,0
DA:1160,0
DA:1161,0
DA:1162,0
DA:1163,0
DA:1164,0
DA:1168,0
DA:1169,0
DA:1170,0
DA:1173,0
DA:1174,0
DA:1175,0
DA:1176,0
DA:1177,0
DA:1178,0
DA:1179,0
DA:1183,1
DA:1185,0
DA:1189,0
DA:1191,0
DA:1192,0
DA:1193,0
DA:1194,0
DA:1195,0
DA:1196,0
DA:1197,0
DA:1198,0
DA:1199,0
DA:1200,0
DA:1201,0
DA:1205,0
DA:1207,0
DA:1208,0
DA:1209,1
LH:166
LF:736
end_of_record
SF:C:\Users\johnd\utils\src\lib\log-formatter.lib.ts
FN:13,getPrefix
FN:22,clearConsoleLog
FN:30,getConsoleLog
FN:37,levelStr
FN:60,getFormatter
FN:83,indentLog
FN:91,undentLog
FNDA:0,getPrefix
FNDA:0,clearConsoleLog
FNDA:0,getConsoleLog
FNDA:0,levelStr
FNDA:4,getFormatter
FNDA:0,indentLog
FNDA:0,undentLog
FNF:7
FNH:1
BRF:0
BRH:0
DA:1,1
DA:5,1
DA:7,1
DA:8,1
DA:9,1
DA:12,1
DA:13,0
DA:18,1
DA:22,0
DA:24,0
DA:25,0
DA:26,0
DA:30,0
DA:32,0
DA:33,0
DA:37,0
DA:39,0
DA:40,0
DA:41,0
DA:42,0
DA:43,0
DA:44,0
DA:45,0
DA:46,0
DA:47,0
DA:48,0
DA:49,0
DA:50,0
DA:60,1
DA:62,0
DA:63,0
DA:64,0
DA:65,0
DA:66,0
DA:67,0
DA:68,0
DA:69,0
DA:70,0
DA:71,0
DA:72,0
DA:73,0
DA:74,0
DA:75,0
DA:76,0
DA:77,0
DA:78,0
DA:79,1
DA:83,0
DA:85,0
DA:86,0
DA:87,0
DA:91,0
DA:93,0
DA:94,0
DA:95,0
DA:96,0
DA:97,0
LH:9
LF:57
end_of_record
SF:C:\Users\johnd\utils\src\lib\log-levels.lib.ts
FN:34,getLogLevel
FN:47,isLogLevel
FN:54,isInactiveLevel
FN:61,setLogLevel
FN:70,pushLogLevel
FN:78,popLogLevel
FN:93,resetLogLevel
FNDA:3064,getLogLevel
FNDA:0,isLogLevel
FNDA:3064,isInactiveLevel
FNDA:0,setLogLevel
FNDA:32,pushLogLevel
FNDA:34,popLogLevel
FNDA:1,resetLogLevel
FNF:7
FNH:5
BRDA:36,1,0,0
BRDA:81,6,0,33
BRDA:83,6,1,1
BRF:3
BRH:2
DA:1,1
DA:4,1
DA:5,1
DA:6,1
DA:19,1
DA:20,1
DA:21,1
DA:22,1
DA:23,1
DA:24,1
DA:25,1
DA:26,1
DA:27,1
DA:30,3
DA:34,1
DA:36,0
DA:37,0
DA:38,0
DA:39,0
DA:40,0
DA:41,3065
DA:42,3065
DA:43,1
DA:47,0
DA:49,0
DA:50,0
DA:54,1
DA:56,3065
DA:57,1
DA:61,0
DA:63,0
DA:64,0
DA:65,0
DA:66,0
DA:70,1
DA:72,33
DA:73,33
DA:74,1
DA:78,1
DA:80,35
DA:81,35
DA:82,68
DA:83,35
DA:84,35
DA:85,36
DA:86,36
DA:87,36
DA:88,36
DA:89,1
DA:93,1
DA:95,2
DA:96,2
DA:97,2
DA:98,1
LH:41
LF:54
end_of_record
SF:C:\Users\johnd\utils\src\lib\logger.lib.ts
FN:60,getLog
FN:85,clearLog
FN:187,output
FN:226,DBG
FN:231,LOG
FN:236,WARN
FN:241,ERR
FN:246,LOGVALUE
FN:254,LOGLABELED
FN:262,DBGVALUE
FN:270,DBGLABELED
FN:280,removeLogFile
FN:293,<instance_members_initializer>
FN:298,TreeLogger
FN:308,start
FN:316,log
FN:323,succeed
FN:331,fail
FNDA:0,getLog
FNDA:0,clearLog
FNDA:3064,output
FNDA:3060,DBG
FNDA:0,LOG
FNDA:0,WARN
FNDA:4,ERR
FNDA:0,LOGVALUE
FNDA:0,LOGLABELED
FNDA:0,DBGVALUE
FNDA:0,DBGLABELED
FNDA:0,removeLogFile
FNDA:0,<instance_members_initializer>
FNDA:0,TreeLogger
FNDA:0,start
FNDA:0,log
FNDA:0,succeed
FNDA:0,fail
FNF:18
FNH:3
BRDA:49,1,0,0
BRDA:191,4,0,0
BRF:2
BRH:0
DA:1,1
DA:4,1
DA:5,1
DA:6,1
DA:8,1
DA:9,1
DA:10,1
DA:11,1
DA:13,1
DA:14,1
DA:15,1
DA:16,1
DA:17,1
DA:18,1
DA:19,1
DA:20,1
DA:21,1
DA:22,1
DA:23,1
DA:24,1
DA:25,1
DA:26,1
DA:27,1
DA:28,1
DA:29,1
DA:30,1
DA:31,1
DA:33,1
DA:34,1
DA:35,1
DA:36,1
DA:37,1
DA:41,1
DA:45,1
DA:47,1
DA:48,2
DA:49,0
DA:50,0
DA:51,0
DA:52,2
DA:53,2
DA:54,2
DA:55,1
DA:56,1
DA:60,0
DA:62,0
DA:63,0
DA:64,0
DA:65,0
DA:66,0
DA:67,0
DA:68,0
DA:69,0
DA:70,0
DA:71,0
DA:72,0
DA:73,0
DA:74,0
DA:75,0
DA:76,0
DA:77,0
DA:78,0
DA:79,0
DA:80,0
DA:81,0
DA:85,0
DA:87,0
DA:88,0
DA:89,0
DA:90,0
DA:91,0
DA:92,0
DA:93,0
DA:94,0
DA:95,0
DA:96,0
DA:97,0
DA:98,0
DA:99,0
DA:100,0
DA:101,0
DA:102,0
DA:103,0
DA:104,0
DA:105,0
DA:106,0
DA:107,0
DA:111,1
DA:113,1
DA:115,1
DA:116,1
DA:117,1
DA:119,1
DA:120,1
DA:121,1
DA:122,1
DA:123,1
DA:125,1
DA:126,1
DA:127,1
DA:129,1
DA:130,1
DA:131,1
DA:132,1
DA:133,1
DA:134,1
DA:139,1
DA:140,1
DA:141,1
DA:142,1
DA:143,3
DA:144,1
DA:145,1
DA:146,1
DA:147,1
DA:148,3
DA:149,1
DA:150,1
DA:151,1
DA:152,1
DA:153,3
DA:154,1
DA:155,1
DA:156,1
DA:157,1
DA:158,3
DA:159,1
DA:160,1
DA:161,1
DA:162,1
DA:163,3
DA:164,1
DA:165,1
DA:166,1
DA:167,1
DA:168,2
DA:169,1
DA:170,1
DA:171,1
DA:172,1
DA:173,1
DA:174,1
DA:175,1
DA:176,1
DA:178,1
DA:179,1
DA:180,1
DA:182,1
DA:183,1
DA:187,1
DA:189,3065
DA:190,3065
DA:191,3065
DA:193,0
DA:194,0
DA:195,0
DA:196,0
DA:197,0
DA:198,0
DA:199,0
DA:200,0
DA:201,0
DA:202,0
DA:203,0
DA:204,0
DA:205,0
DA:206,0
DA:207,0
DA:208,0
DA:209,0
DA:210,0
DA:211,0
DA:212,0
DA:213,0
DA:214,0
DA:215,0
DA:216,0
DA:217,0
DA:218,0
DA:219,0
DA:221,0
DA:222,1
DA:226,1
DA:227,3061
DA:228,3061
DA:229,1
DA:231,0
DA:232,0
DA:233,0
DA:234,0
DA:236,0
DA:237,0
DA:238,0
DA:239,0
DA:241,1
DA:242,5
DA:243,5
DA:244,1
DA:246,0
DA:247,0
DA:248,0
DA:249,0
DA:250,0
DA:251,0
DA:252,0
DA:254,0
DA:255,0
DA:256,0
DA:257,0
DA:258,0
DA:259,0
DA:260,0
DA:262,0
DA:263,0
DA:264,0
DA:265,0
DA:266,0
DA:267,0
DA:268,0
DA:270,0
DA:271,0
DA:272,0
DA:273,0
DA:274,0
DA:275,0
DA:276,0
DA:280,0
DA:282,0
DA:283,0
DA:284,0
DA:290,1
DA:293,0
DA:294,0
DA:295,0
DA:298,0
DA:299,0
DA:300,0
DA:301,0
DA:302,0
DA:303,0
DA:304,0
DA:305,0
DA:306,0
DA:308,0
DA:309,0
DA:310,0
DA:311,0
DA:312,0
DA:313,0
DA:314,0
DA:316,0
DA:317,0
DA:318,0
DA:319,0
DA:320,0
DA:321,0
DA:323,0
DA:324,0
DA:325,0
DA:326,0
DA:327,0
DA:328,0
DA:329,0
DA:331,0
DA:332,0
DA:333,0
DA:334,0
DA:335,0
DA:336,0
DA:337,0
DA:338,1
LH:118
LF:271
end_of_record
SF:C:\Users\johnd\utils\src\lib\pll.lib.ts
FN:33,isKind
FN:37,tokenWith
FN:47,identTokenGen
FN:54,allTokensIn
FN:109,allTokensInBlock
FN:122,allTokensInFile
FN:134,tokenTable
FNDA:0,isKind
FNDA:0,tokenWith
FNDA:0,identTokenGen
FNDA:0,allTokensIn
FNDA:0,allTokensInBlock
FNDA:0,allTokensInFile
FNDA:0,tokenTable
FNF:7
FNH:0
BRF:0
BRH:0
DA:1,1
DA:4,1
DA:5,1
DA:6,1
DA:7,1
DA:8,1
DA:9,1
DA:10,1
DA:11,1
DA:12,1
DA:13,1
DA:14,1
DA:15,1
DA:29,3
DA:30,3
DA:31,3
DA:33,0
DA:34,0
DA:35,0
DA:37,0
DA:38,0
DA:39,0
DA:47,0
DA:48,0
DA:49,0
DA:50,0
DA:54,0
DA:55,0
DA:56,0
DA:57,0
DA:63,0
DA:64,0
DA:65,0
DA:66,0
DA:67,0
DA:68,0
DA:69,0
DA:70,0
DA:71,0
DA:72,0
DA:73,0
DA:74,0
DA:76,0
DA:77,0
DA:78,0
DA:79,0
DA:80,0
DA:81,0
DA:82,0
DA:83,0
DA:84,0
DA:85,0
DA:86,0
DA:87,0
DA:88,0
DA:89,0
DA:90,0
DA:91,0
DA:92,0
DA:93,0
DA:94,0
DA:95,0
DA:96,0
DA:97,0
DA:98,0
DA:99,0
DA:100,0
DA:101,0
DA:102,0
DA:103,0
DA:104,0
DA:105,0
DA:109,0
DA:110,0
DA:111,0
DA:114,0
DA:115,0
DA:116,0
DA:117,0
DA:118,0
DA:122,0
DA:123,0
DA:126,0
DA:127,0
DA:128,0
DA:129,0
DA:130,0
DA:134,0
DA:135,0
DA:136,0
DA:139,0
DA:140,0
DA:141,0
DA:142,0
DA:143,0
DA:144,0
DA:145,0
DA:146,0
DA:147,0
DA:148,0
DA:149,0
DA:150,0
LH:16
LF:102
end_of_record
SF:C:\Users\johnd\utils\src\lib\source-map.lib.ts
FN:15,stripSrcMap
FN:35,extractSourceMap
FN:65,mapSourcePos
FNDA:84,stripSrcMap
FNDA:88,extractSourceMap
FNDA:88,mapSourcePos
FNF:3
FNH:3
BRDA:23,1,0,0
BRDA:39,2,0,0
BRDA:41,2,1,84
BRDA:49,2,2,0
BRDA:69,3,0,84
BRDA:83,3,1,0
BRDA:87,3,2,0
BRF:7
BRH:2
DA:1,1
DA:4,1
DA:5,1
DA:7,1
DA:8,1
DA:9,1
DA:11,1
DA:15,1
DA:16,1
DA:19,85
DA:20,85
DA:21,85
DA:22,340
DA:23,0
DA:24,0
DA:25,0
DA:26,0
DA:27,0
DA:28,0
DA:29,0
DA:30,0
DA:31,1
DA:35,1
DA:36,1
DA:39,0
DA:40,0
DA:41,0
DA:43,173
DA:45,173
DA:46,173
DA:47,173
DA:48,692
DA:49,0
DA:50,0
DA:51,0
DA:52,0
DA:53,1
DA:65,1
DA:67,89
DA:68,89
DA:69,89
DA:70,173
DA:71,692
DA:72,173
DA:73,173
DA:74,173
DA:75,173
DA:76,173
DA:77,173
DA:78,173
DA:79,173
DA:80,173
DA:81,173
DA:82,173
DA:83,0
DA:84,0
DA:85,0
DA:86,0
DA:87,0
DA:88,0
DA:89,0
DA:90,0
DA:91,1
LH:40
LF:63
end_of_record
SF:C:\Users\johnd\utils\src\lib\symbols.lib.ts
FN:45,loadSymbols
FN:125,sourceLib
FN:139,libsAndSymbols
FN:165,getNeededImportStmts
FNDA:0,loadSymbols
FNDA:0,sourceLib
FNDA:0,libsAndSymbols
FNDA:0,getNeededImportStmts
FNF:4
FNH:0
BRF:0
BRH:0
DA:1,1
DA:4,1
DA:5,1
DA:7,1
DA:8,1
DA:9,1
DA:10,1
DA:11,1
DA:12,1
DA:13,1
DA:14,1
DA:15,1
DA:16,1
DA:17,1
DA:36,1
DA:41,1
DA:45,0
DA:46,0
DA:47,0
DA:48,0
DA:51,0
DA:57,0
DA:58,0
DA:59,0
DA:61,0
DA:63,0
DA:65,0
DA:66,0
DA:67,0
DA:68,0
DA:69,0
DA:70,0
DA:71,0
DA:72,0
DA:73,0
DA:74,0
DA:75,0
DA:76,0
DA:77,0
DA:78,0
DA:80,0
DA:81,0
DA:82,0
DA:83,0
DA:84,0
DA:85,0
DA:86,0
DA:87,0
DA:88,0
DA:89,0
DA:90,0
DA:91,0
DA:92,0
DA:93,0
DA:94,0
DA:95,0
DA:96,0
DA:97,0
DA:98,0
DA:99,0
DA:100,0
DA:101,0
DA:102,0
DA:103,0
DA:104,0
DA:105,0
DA:106,0
DA:107,0
DA:108,0
DA:109,0
DA:110,0
DA:111,0
DA:112,0
DA:113,0
DA:114,0
DA:115,0
DA:116,0
DA:117,0
DA:118,0
DA:119,0
DA:120,0
DA:121,0
DA:125,0
DA:126,0
DA:127,0
DA:130,0
DA:131,0
DA:132,0
DA:133,0
DA:134,0
DA:135,0
DA:139,0
DA:140,0
DA:143,0
DA:144,0
DA:145,0
DA:146,0
DA:148,0
DA:149,0
DA:150,0
DA:151,0
DA:152,0
DA:153,0
DA:154,0
DA:155,0
DA:156,0
DA:157,0
DA:158,0
DA:159,0
DA:160,0
DA:161,0
DA:165,0
DA:166,0
DA:169,0
DA:170,0
DA:171,0
DA:172,0
DA:173,0
DA:174,0
DA:175,0
DA:176,0
DA:177,0
DA:178,0
LH:16
LF:123
end_of_record
SF:C:\Users\johnd\utils\src\lib\text-table.lib.ts
FN:69,<instance_members_initializer>
FN:76,TextTable
FN:113,title
FN:126,labels
FN:143,accum
FN:162,data
FN:204,sep
FN:215,fullsep
FN:226,totals
FN:247,subtotals
FN:271,adjustColWidths
FN:284,formatNum
FN:296,dumpInternals
FN:306,getTotalWidth
FN:321,getColsToHide
FN:352,asString
FNDA:0,<instance_members_initializer>
FNDA:0,TextTable
FNDA:0,title
FNDA:0,labels
FNDA:0,accum
FNDA:0,data
FNDA:0,sep
FNDA:0,fullsep
FNDA:0,totals
FNDA:0,subtotals
FNDA:0,adjustColWidths
FNDA:0,formatNum
FNDA:0,dumpInternals
FNDA:0,getTotalWidth
FNDA:0,getColsToHide
FNDA:0,asString
FNF:16
FNH:0
BRF:0
BRH:0
DA:1,1
DA:4,1
DA:6,1
DA:7,1
DA:10,1
DA:11,1
DA:12,1
DA:13,1
DA:14,1
DA:15,1
DA:16,1
DA:17,1
DA:18,1
DA:19,1
DA:67,1
DA:69,0
DA:70,0
DA:71,0
DA:73,0
DA:74,0
DA:76,0
DA:77,0
DA:78,0
DA:79,0
DA:87,0
DA:88,0
DA:89,0
DA:90,0
DA:92,0
DA:93,0
DA:94,0
DA:95,0
DA:96,0
DA:97,0
DA:98,0
DA:99,0
DA:100,0
DA:102,0
DA:103,0
DA:104,0
DA:105,0
DA:106,0
DA:107,0
DA:108,0
DA:109,0
DA:113,0
DA:115,0
DA:116,0
DA:117,0
DA:118,0
DA:119,0
DA:120,0
DA:121,0
DA:122,0
DA:126,0
DA:128,0
DA:129,0
DA:130,0
DA:131,0
DA:132,0
DA:133,0
DA:134,0
DA:135,0
DA:136,0
DA:137,0
DA:138,0
DA:139,0
DA:143,0
DA:145,0
DA:146,0
DA:147,0
DA:148,0
DA:149,0
DA:150,0
DA:151,0
DA:152,0
DA:153,0
DA:154,0
DA:155,0
DA:156,0
DA:157,0
DA:158,0
DA:162,0
DA:164,0
DA:165,0
DA:166,0
DA:167,0
DA:168,0
DA:169,0
DA:170,0
DA:171,0
DA:172,0
DA:173,0
DA:174,0
DA:175,0
DA:176,0
DA:177,0
DA:178,0
DA:179,0
DA:180,0
DA:181,0
DA:182,0
DA:183,0
DA:184,0
DA:185,0
DA:186,0
DA:187,0
DA:188,0
DA:189,0
DA:190,0
DA:191,0
DA:192,0
DA:194,0
DA:195,0
DA:196,0
DA:197,0
DA:198,0
DA:199,0
DA:200,0
DA:204,0
DA:206,0
DA:207,0
DA:208,0
DA:209,0
DA:210,0
DA:211,0
DA:215,0
DA:217,0
DA:218,0
DA:219,0
DA:220,0
DA:221,0
DA:222,0
DA:226,0
DA:228,0
DA:229,0
DA:230,0
DA:231,0
DA:232,0
DA:233,0
DA:234,0
DA:235,0
DA:236,0
DA:237,0
DA:238,0
DA:239,0
DA:240,0
DA:241,0
DA:242,0
DA:243,0
DA:247,0
DA:249,0
DA:250,0
DA:251,0
DA:252,0
DA:253,0
DA:254,0
DA:255,0
DA:256,0
DA:257,0
DA:258,0
DA:259,0
DA:260,0
DA:261,0
DA:262,0
DA:263,0
DA:264,0
DA:265,0
DA:266,0
DA:267,0
DA:271,0
DA:273,0
DA:274,0
DA:275,0
DA:276,0
DA:277,0
DA:278,0
DA:279,0
DA:280,0
DA:284,0
DA:286,0
DA:287,0
DA:288,0
DA:289,0
DA:290,0
DA:291,0
DA:292,0
DA:296,0
DA:298,0
DA:299,0
DA:300,0
DA:301,0
DA:302,0
DA:306,0
DA:308,0
DA:309,0
DA:310,0
DA:311,0
DA:312,0
DA:313,0
DA:314,0
DA:315,0
DA:316,0
DA:317,0
DA:321,0
DA:322,0
DA:323,0
DA:325,0
DA:326,0
DA:327,0
DA:328,0
DA:329,0
DA:330,0
DA:331,0
DA:332,0
DA:333,0
DA:334,0
DA:335,0
DA:336,0
DA:337,0
DA:338,0
DA:339,0
DA:340,0
DA:341,0
DA:342,0
DA:343,0
DA:344,0
DA:345,0
DA:346,0
DA:347,0
DA:352,0
DA:358,0
DA:359,0
DA:360,0
DA:361,0
DA:362,0
DA:363,0
DA:366,0
DA:367,0
DA:368,0
DA:369,0
DA:372,0
DA:373,0
DA:376,0
DA:377,0
DA:379,0
DA:380,0
DA:381,0
DA:383,0
DA:385,0
DA:386,0
DA:387,0
DA:388,0
DA:389,0
DA:390,0
DA:392,0
DA:393,0
DA:394,0
DA:395,0
DA:396,0
DA:397,0
DA:398,0
DA:400,0
DA:401,0
DA:402,0
DA:403,0
DA:404,0
DA:405,0
DA:407,0
DA:408,0
DA:409,0
DA:410,0
DA:411,0
DA:413,0
DA:414,0
DA:415,1
LH:16
LF:276
end_of_record
SF:C:\Users\johnd\utils\src\lib\to-nice.lib.ts
FN:22,alphaCompare
FN:33,toNiceString
FN:53,pathadd
FN:72,getCompareFunc
FN:108,indented
FN:115,toNice
FN:152,mapFunc
FN:260,useKey
FN:314,OL
FN:321,ML
FN:328,DUMP
FNDA:0,alphaCompare
FNDA:1208,toNiceString
FNDA:2072,pathadd
FNDA:0,getCompareFunc
FNDA:0,indented
FNDA:4228,toNice
FNDA:2072,mapFunc
FNDA:2072,useKey
FNDA:1812,OL
FNDA:344,ML
FNDA:0,DUMP
FNF:11
FNH:7
BRDA:41,2,0,0
BRDA:42,2,1,488
BRDA:42,2,2,720
BRDA:59,3,0,0
BRDA:63,3,1,0
BRDA:159,6,0,0
BRDA:162,6,1,0
BRDA:166,6,2,1384
BRDA:167,6,3,144
BRDA:167,6,4,1240
BRDA:170,6,5,976
BRDA:172,6,6,0
BRDA:173,6,7,0
BRDA:178,6,8,0
BRDA:182,6,9,1208
BRDA:186,6,10,0
BRDA:191,6,11,0
BRDA:200,6,12,660
BRDA:201,6,13,316
BRDA:203,6,14,344
BRDA:205,6,15,0
BRDA:207,6,16,344
BRDA:211,6,17,0
BRDA:213,6,18,344
BRDA:215,6,19,0
BRDA:246,6,20,344
BRDA:249,6,21,0
BRDA:251,6,22,344
BRDA:254,6,23,0
BRDA:254,6,24,344
BRDA:255,6,25,0
BRDA:256,6,26,0
BRDA:276,6,27,0
BRDA:276,6,28,344
BRDA:276,6,29,2072
BRDA:278,6,30,0
BRDA:287,6,31,0
BRDA:290,6,32,0
BRDA:292,6,33,0
BRDA:299,6,34,344
BRDA:300,6,35,0
BRDA:302,6,36,344
BRDA:307,6,37,0
BRDA:261,8,0,0
BRDA:264,8,1,0
BRDA:264,8,2,0
BRDA:267,8,3,0
BRDA:267,8,4,0
BRF:48
BRH:19
DA:1,1
DA:4,1
DA:6,1
DA:7,1
DA:8,1
DA:9,1
DA:10,1
DA:11,1
DA:12,1
DA:13,1
DA:14,1
DA:15,1
DA:22,0
DA:23,0
DA:24,0
DA:27,0
DA:28,0
DA:33,1
DA:37,1209
DA:41,0
DA:42,1209
DA:48,1209
DA:49,1
DA:53,1
DA:54,1
DA:55,1
DA:58,0
DA:59,0
DA:60,0
DA:61,0
DA:63,0
DA:64,1
DA:72,0
DA:73,0
DA:77,0
DA:78,0
DA:79,0
DA:80,0
DA:82,0
DA:83,0
DA:84,0
DA:86,0
DA:87,0
DA:89,0
DA:90,0
DA:91,0
DA:92,0
DA:93,0
DA:94,0
DA:95,0
DA:96,0
DA:97,0
DA:98,0
DA:99,0
DA:100,0
DA:101,0
DA:102,0
DA:103,0
DA:104,0
DA:108,0
DA:110,0
DA:111,0
DA:115,1
DA:116,1
DA:117,1
DA:118,1
DA:119,1
DA:137,4229
DA:138,4229
DA:139,4229
DA:140,4229
DA:141,4229
DA:142,4229
DA:143,4229
DA:144,4229
DA:145,4229
DA:146,4229
DA:147,4229
DA:148,4229
DA:149,4229
DA:150,4229
DA:151,4229
DA:152,27361
DA:153,4229
DA:154,4229
DA:155,4229
DA:156,4229
DA:159,0
DA:161,4229
DA:162,0
DA:163,0
DA:164,0
DA:166,9842
DA:167,5613
DA:168,5613
DA:170,9434
DA:171,0
DA:172,0
DA:173,0
DA:174,0
DA:176,5205
DA:178,0
DA:179,0
DA:180,0
DA:182,9666
DA:183,5437
DA:184,5437
DA:186,0
DA:187,0
DA:188,0
DA:189,0
DA:191,0
DA:192,0
DA:193,0
DA:194,0
DA:195,0
DA:196,0
DA:197,0
DA:198,0
DA:200,9118
DA:201,4889
DA:202,5205
DA:203,5205
DA:205,0
DA:206,0
DA:207,0
DA:210,5233
DA:211,0
DA:212,0
DA:213,0
DA:215,0
DA:216,0
DA:217,0
DA:218,0
DA:220,0
DA:221,0
DA:222,0
DA:223,0
DA:224,0
DA:225,0
DA:226,0
DA:227,0
DA:229,0
DA:230,0
DA:231,0
DA:232,0
DA:233,0
DA:234,0
DA:235,0
DA:236,0
DA:237,0
DA:238,0
DA:239,0
DA:240,0
DA:241,0
DA:242,0
DA:243,0
DA:244,0
DA:245,0
DA:246,0
DA:248,5233
DA:249,0
DA:250,0
DA:251,0
DA:253,0
DA:254,0
DA:255,0
DA:256,0
DA:257,0
DA:260,4889
DA:261,0
DA:262,0
DA:263,0
DA:264,0
DA:265,0
DA:266,0
DA:267,0
DA:268,0
DA:269,0
DA:270,6961
DA:271,4889
DA:273,4889
DA:275,4889
DA:276,0
DA:277,6961
DA:278,0
DA:279,6961
DA:280,6961
DA:281,6961
DA:282,6961
DA:283,6961
DA:284,6961
DA:285,6961
DA:287,0
DA:288,0
DA:289,0
DA:290,0
DA:291,6961
DA:292,0
DA:293,0
DA:294,0
DA:295,0
DA:296,0
DA:297,6961
DA:298,6961
DA:299,6961
DA:300,0
DA:301,0
DA:302,0
DA:303,0
DA:304,5233
DA:305,5233
DA:306,4889
DA:307,4229
DA:309,0
DA:310,1
DA:314,1
DA:316,5439
DA:317,1
DA:321,1
DA:323,1035
DA:324,1
DA:328,0
DA:329,0
DA:330,0
DA:331,0
DA:332,0
DA:335,0
DA:336,0
DA:337,0
DA:338,0
DA:339,0
DA:340,0
DA:341,0
DA:342,0
DA:343,0
DA:344,0
DA:345,0
DA:346,0
DA:347,0
DA:348,0
DA:349,0
LH:89
LF:242
end_of_record
SF:C:\Users\johnd\utils\src\lib\typescript.lib.ts
FN:40,kindStr
FN:47,ts2ast
FN:74,ast2ts
FN:83,typeCheckFiles
FN:114,tsMapFunc
FN:132,astAsString
FN:152,typeCheckCode
FN:180,checkType
FN:216,getTsCode
FN:246,splitFuncStr
FN:269,getImportCode
FN:288,getSymbolsFromType
FN:393,<instance_members_initializer>
FN:397,AstWalker
FN:406,isNode
FN:413,filter
FN:426,analyze
FNDA:0,kindStr
FNDA:0,ts2ast
FNDA:0,ast2ts
FNDA:0,typeCheckFiles
FNDA:0,tsMapFunc
FNDA:0,astAsString
FNDA:0,typeCheckCode
FNDA:0,checkType
FNDA:0,getTsCode
FNDA:0,splitFuncStr
FNDA:0,getImportCode
FNDA:0,getSymbolsFromType
FNDA:0,<instance_members_initializer>
FNDA:0,AstWalker
FNDA:0,isNode
FNDA:0,filter
FNDA:0,analyze
FNF:17
FNH:0
BRF:0
BRH:0
DA:1,1
DA:6,1
DA:7,1
DA:8,1
DA:9,1
DA:10,1
DA:11,1
DA:12,1
DA:15,1
DA:16,1
DA:18,1
DA:19,1
DA:20,1
DA:21,1
DA:22,1
DA:23,1
DA:26,1
DA:27,1
DA:28,1
DA:29,1
DA:30,1
DA:31,1
DA:32,1
DA:33,1
DA:34,1
DA:36,1
DA:40,0
DA:42,0
DA:43,0
DA:47,0
DA:48,0
DA:49,0
DA:55,0
DA:56,0
DA:57,0
DA:59,0
DA:60,0
DA:61,0
DA:62,0
DA:63,0
DA:64,0
DA:65,0
DA:66,0
DA:68,0
DA:69,0
DA:70,0
DA:74,0
DA:76,0
DA:77,0
DA:78,0
DA:79,0
DA:83,0
DA:84,0
DA:85,0
DA:88,0
DA:89,0
DA:90,0
DA:91,0
DA:92,0
DA:94,0
DA:95,0
DA:96,0
DA:97,0
DA:98,0
DA:99,0
DA:100,0
DA:101,0
DA:102,0
DA:103,0
DA:104,0
DA:105,0
DA:106,0
DA:107,0
DA:108,0
DA:110,1
DA:114,0
DA:115,0
DA:116,0
DA:119,0
DA:120,0
DA:121,0
DA:122,0
DA:123,0
DA:124,0
DA:125,0
DA:126,0
DA:127,0
DA:128,0
DA:132,0
DA:133,0
DA:134,0
DA:137,0
DA:138,0
DA:139,0
DA:140,0
DA:141,0
DA:142,0
DA:143,0
DA:144,0
DA:145,0
DA:147,0
DA:148,0
DA:152,0
DA:153,0
DA:159,0
DA:160,0
DA:161,0
DA:162,0
DA:163,0
DA:164,0
DA:165,0
DA:166,0
DA:167,0
DA:168,0
DA:169,0
DA:170,0
DA:171,0
DA:172,0
DA:173,0
DA:174,0
DA:175,0
DA:176,0
DA:180,0
DA:181,0
DA:182,0
DA:183,0
DA:186,0
DA:188,0
DA:189,0
DA:192,0
DA:193,0
DA:195,0
DA:196,0
DA:197,0
DA:198,0
DA:199,0
DA:200,0
DA:201,0
DA:202,0
DA:203,0
DA:204,0
DA:205,0
DA:206,0
DA:207,0
DA:208,0
DA:209,0
DA:210,0
DA:216,0
DA:217,0
DA:218,0
DA:221,0
DA:222,0
DA:223,0
DA:224,0
DA:225,0
DA:226,0
DA:227,0
DA:228,0
DA:229,0
DA:230,0
DA:231,0
DA:232,0
DA:233,0
DA:234,0
DA:235,0
DA:236,0
DA:237,0
DA:238,0
DA:239,0
DA:240,0
DA:246,0
DA:247,0
DA:250,0
DA:251,0
DA:252,0
DA:253,0
DA:254,0
DA:255,0
DA:256,0
DA:257,0
DA:258,0
DA:259,0
DA:260,0
DA:261,0
DA:262,0
DA:263,0
DA:264,0
DA:265,0
DA:269,0
DA:270,0
DA:273,0
DA:274,0
DA:275,0
DA:276,0
DA:277,0
DA:278,0
DA:279,0
DA:280,0
DA:281,0
DA:282,0
DA:283,0
DA:284,0
DA:288,0
DA:290,0
DA:291,0
DA:292,0
DA:293,0
DA:294,0
DA:295,0
DA:296,0
DA:297,0
DA:298,0
DA:299,0
DA:300,0
DA:304,1
DA:305,1
DA:306,1
DA:307,1
DA:308,1
DA:309,1
DA:310,1
DA:311,1
DA:312,1
DA:313,1
DA:314,1
DA:315,1
DA:316,1
DA:317,1
DA:318,1
DA:319,1
DA:320,1
DA:321,1
DA:322,1
DA:323,1
DA:324,1
DA:325,1
DA:326,1
DA:327,1
DA:332,1
DA:333,1
DA:334,1
DA:335,1
DA:336,1
DA:337,1
DA:338,1
DA:339,1
DA:340,1
DA:341,1
DA:342,1
DA:343,1
DA:344,1
DA:345,1
DA:346,1
DA:347,1
DA:348,1
DA:349,1
DA:350,1
DA:351,1
DA:352,1
DA:353,1
DA:354,1
DA:355,1
DA:356,1
DA:357,1
DA:358,1
DA:359,1
DA:360,1
DA:361,1
DA:362,1
DA:363,1
DA:364,1
DA:365,1
DA:366,1
DA:367,1
DA:368,1
DA:369,1
DA:370,1
DA:371,1
DA:372,1
DA:373,1
DA:374,1
DA:375,1
DA:376,1
DA:377,1
DA:378,1
DA:379,1
DA:380,1
DA:381,1
DA:382,1
DA:383,1
DA:384,1
DA:385,1
DA:391,1
DA:393,0
DA:397,0
DA:399,0
DA:401,0
DA:402,0
DA:406,0
DA:408,0
DA:409,0
DA:413,0
DA:415,0
DA:416,0
DA:417,1
DA:426,0
DA:428,0
DA:429,0
DA:431,0
DA:432,0
DA:433,0
DA:434,0
DA:435,0
DA:436,0
DA:437,0
DA:438,0
DA:439,0
DA:440,0
DA:441,0
DA:442,0
DA:443,0
DA:444,0
DA:445,0
DA:446,0
DA:447,0
DA:448,0
DA:449,0
DA:450,0
DA:451,0
DA:452,0
DA:453,0
DA:454,0
LH:107
LF:332
end_of_record
SF:C:\Users\johnd\utils\src\lib\unicode.lib.ts
FN:38,getPrefix
FNDA:0,getPrefix
FNF:1
FNH:0
BRF:0
BRH:0
DA:1,1
DA:6,1
DA:7,1
DA:8,1
DA:9,1
DA:10,1
DA:11,1
DA:12,1
DA:13,1
DA:14,1
DA:15,1
DA:16,1
DA:17,1
DA:19,1
DA:20,1
DA:21,1
DA:22,1
DA:23,1
DA:24,1
DA:25,1
DA:26,1
DA:30,1
DA:35,1
DA:38,0
DA:40,0
DA:41,0
DA:42,0
DA:43,0
DA:44,0
DA:45,0
DA:46,0
DA:47,0
DA:48,0
DA:49,0
DA:50,0
DA:51,0
DA:52,0
DA:53,0
DA:54,0
DA:55,0
DA:56,0
DA:57,0
DA:58,0
DA:59,0
DA:60,0
DA:61,0
DA:62,0
DA:63,0
DA:64,0
DA:65,0
DA:66,0
DA:67,0
DA:68,0
DA:69,0
DA:70,0
DA:71,0
DA:72,0
DA:73,0
DA:74,0
DA:75,0
DA:76,0
DA:77,0
DA:78,0
DA:79,0
DA:80,0
DA:81,0
DA:82,0
DA:83,0
DA:84,0
DA:85,0
DA:86,0
LH:23
LF:71
end_of_record
SF:C:\Users\johnd\utils\src\lib\unit-test.lib.ts
FN:42,getTestName
FN:69,equal
FN:79,same
FN:103,truthy
FN:127,falsy
FN:151,fails
FN:187,succeeds
FN:207,iterEqual
FN:217,iterLike
FN:256,matches
FN:292,like
FN:307,codeLike
FN:319,strListLike
FN:375,objListLike
FN:447,includes
FN:477,includesAll
FN:515,isType
FN:562,notType
FN:591,setDirTree
FN:815,fileOpsTable
FNDA:28,getTestName
FNDA:10,equal
FNDA:0,same
FNDA:7,truthy
FNDA:3,falsy
FNDA:4,fails
FNDA:4,succeeds
FNDA:0,iterEqual
FNDA:0,iterLike
FNDA:0,matches
FNDA:0,like
FNDA:0,codeLike
FNDA:0,strListLike
FNDA:0,objListLike
FNDA:0,includes
FNDA:0,includesAll
FNDA:0,isType
FNDA:0,notType
FNDA:0,setDirTree
FNDA:0,fileOpsTable
FNF:20
FNH:6
BRDA:46,1,0,4
BRDA:46,1,1,24
BRDA:196,12,0,0
BRF:3
BRH:2
DA:1,1
DA:4,1
DA:5,1
DA:6,1
DA:7,1
DA:8,1
DA:10,1
DA:11,1
DA:12,1
DA:13,1
DA:15,1
DA:16,1
DA:17,1
DA:18,1
DA:19,1
DA:20,1
DA:21,1
DA:22,1
DA:23,1
DA:24,1
DA:25,1
DA:26,1
DA:27,1
DA:28,1
DA:29,1
DA:30,1
DA:31,1
DA:42,1
DA:44,29
DA:45,29
DA:46,29
DA:47,29
DA:48,29
DA:49,29
DA:50,1
DA:69,1
DA:71,11
DA:72,11
DA:73,11
DA:74,11
DA:75,1
DA:79,0
DA:81,0
DA:82,0
DA:83,0
DA:84,0
DA:85,0
DA:103,1
DA:105,8
DA:106,8
DA:107,8
DA:108,8
DA:109,1
DA:127,1
DA:129,4
DA:130,4
DA:131,4
DA:132,4
DA:133,1
DA:151,1
DA:153,5
DA:154,5
DA:155,5
DA:156,5
DA:157,9
DA:158,9
DA:159,9
DA:160,9
DA:161,9
DA:162,9
DA:163,9
DA:164,9
DA:165,5
DA:167,5
DA:168,1
DA:187,1
DA:189,5
DA:190,5
DA:191,5
DA:192,5
DA:193,9
DA:194,9
DA:195,0
DA:196,0
DA:198,0
DA:199,0
DA:200,0
DA:201,5
DA:202,5
DA:203,1
DA:207,0
DA:209,0
DA:210,0
DA:211,0
DA:212,0
DA:213,0
DA:217,0
DA:219,0
DA:220,0
DA:222,0
DA:223,0
DA:224,0
DA:225,0
DA:227,0
DA:228,0
DA:229,0
DA:230,0
DA:256,0
DA:258,0
DA:259,0
DA:260,0
DA:261,0
DA:262,0
DA:263,0
DA:264,0
DA:265,0
DA:266,0
DA:267,0
DA:268,0
DA:269,0
DA:270,0
DA:271,0
DA:292,0
DA:294,0
DA:295,0
DA:296,0
DA:297,0
DA:298,0
DA:299,0
DA:300,0
DA:301,0
DA:302,0
DA:303,0
DA:307,0
DA:309,0
DA:310,0
DA:311,0
DA:312,0
DA:313,0
DA:314,0
DA:315,0
DA:319,0
DA:320,0
DA:321,0
DA:324,0
DA:325,0
DA:327,0
DA:328,0
DA:330,0
DA:331,0
DA:332,0
DA:334,0
DA:335,0
DA:336,0
DA:337,0
DA:338,0
DA:340,0
DA:341,0
DA:342,0
DA:343,0
DA:375,0
DA:376,0
DA:377,0
DA:378,0
DA:379,0
DA:382,0
DA:383,0
DA:384,0
DA:386,0
DA:387,0
DA:389,0
DA:390,0
DA:391,0
DA:394,0
DA:396,0
DA:397,0
DA:398,0
DA:399,0
DA:400,0
DA:401,0
DA:402,0
DA:403,0
DA:405,0
DA:406,0
DA:408,0
DA:409,0
DA:410,0
DA:411,0
DA:412,0
DA:413,0
DA:414,0
DA:415,0
DA:416,0
DA:417,0
DA:419,0
DA:420,0
DA:422,0
DA:424,0
DA:425,0
DA:426,0
DA:427,0
DA:447,0
DA:448,0
DA:449,0
DA:452,0
DA:453,0
DA:454,0
DA:455,0
DA:456,0
DA:457,0
DA:477,0
DA:478,0
DA:479,0
DA:482,0
DA:483,0
DA:484,0
DA:485,0
DA:486,0
DA:487,0
DA:488,0
DA:515,0
DA:516,0
DA:517,0
DA:518,0
DA:521,0
DA:522,0
DA:523,0
DA:524,0
DA:525,0
DA:526,0
DA:527,0
DA:528,0
DA:529,0
DA:530,0
DA:531,0
DA:532,0
DA:533,0
DA:534,0
DA:535,0
DA:536,0
DA:537,0
DA:538,0
DA:562,0
DA:563,0
DA:564,0
DA:565,0
DA:568,0
DA:569,0
DA:570,0
DA:571,0
DA:572,0
DA:573,0
DA:574,0
DA:575,0
DA:576,0
DA:577,0
DA:578,0
DA:579,0
DA:580,0
DA:591,0
DA:592,0
DA:593,0
DA:594,0
DA:604,0
DA:605,0
DA:606,0
DA:607,0
DA:608,0
DA:609,0
DA:611,0
DA:612,0
DA:613,0
DA:614,0
DA:617,0
DA:621,0
DA:622,0
DA:623,0
DA:624,0
DA:625,0
DA:626,0
DA:627,0
DA:628,0
DA:629,0
DA:630,0
DA:634,0
DA:635,0
DA:636,0
DA:637,0
DA:638,0
DA:639,0
DA:640,0
DA:641,0
DA:642,0
DA:643,0
DA:647,0
DA:648,0
DA:649,0
DA:650,0
DA:654,0
DA:655,0
DA:658,0
DA:659,0
DA:660,0
DA:661,0
DA:662,0
DA:663,0
DA:664,0
DA:665,0
DA:666,0
DA:667,0
DA:671,0
DA:672,0
DA:673,0
DA:676,0
DA:677,0
DA:678,0
DA:679,0
DA:680,0
DA:681,0
DA:682,0
DA:683,0
DA:684,0
DA:685,0
DA:686,0
DA:687,0
DA:688,0
DA:692,0
DA:693,0
DA:694,0
DA:697,0
DA:698,0
DA:699,0
DA:700,0
DA:701,0
DA:703,0
DA:704,0
DA:705,0
DA:706,0
DA:707,0
DA:708,0
DA:709,0
DA:710,0
DA:711,0
DA:712,0
DA:713,0
DA:714,0
DA:715,0
DA:716,0
DA:717,0
DA:718,0
DA:719,0
DA:720,0
DA:721,0
DA:722,0
DA:723,0
DA:724,0
DA:725,0
DA:726,0
DA:727,0
DA:728,0
DA:729,0
DA:732,0
DA:733,0
DA:734,0
DA:735,0
DA:736,0
DA:737,0
DA:738,0
DA:739,0
DA:740,0
DA:741,0
DA:742,0
DA:743,0
DA:744,0
DA:748,0
DA:749,0
DA:750,0
DA:753,0
DA:754,0
DA:755,0
DA:756,0
DA:757,0
DA:759,0
DA:760,0
DA:761,0
DA:762,0
DA:763,0
DA:764,0
DA:768,0
DA:769,0
DA:770,0
DA:771,0
DA:772,0
DA:773,0
DA:774,0
DA:775,0
DA:776,0
DA:777,0
DA:778,0
DA:779,0
DA:780,0
DA:781,0
DA:782,0
DA:783,0
DA:784,0
DA:785,0
DA:786,0
DA:787,0
DA:788,0
DA:789,0
DA:790,0
DA:794,0
DA:795,0
DA:796,0
DA:799,0
DA:801,0
DA:802,0
DA:804,0
DA:805,0
DA:806,0
DA:807,0
DA:808,0
DA:809,0
DA:810,0
DA:811,0
DA:815,0
DA:817,0
DA:818,0
DA:819,0
DA:820,0
DA:821,0
DA:822,0
DA:823,0
DA:824,0
DA:825,0
DA:826,0
DA:827,0
DA:828,0
DA:829,0
DA:830,0
DA:831,0
DA:832,0
DA:833,0
DA:834,0
DA:835,0
DA:836,0
DA:837,0
DA:838,0
LH:79
LF:448
end_of_record
SF:C:\Users\johnd\utils\src\lib\v8-stack.lib.ts
FN:48,getV8Stack
FN:64,Error.prepareStackTrace
FN:206,getV8StackStr
FN:229,getMyCaller
FN:255,getMyOutsideCaller
FNDA:28,getV8Stack
FNDA:28,Error.prepareStackTrace
FNDA:0,getV8StackStr
FNDA:0,getMyCaller
FNDA:28,getMyOutsideCaller
FNF:5
FNH:3
BRDA:163,1,0,0
BRDA:173,1,1,88
BRDA:182,1,2,0
BRDA:185,1,3,84
BRDA:193,1,4,24
BRDA:197,1,5,4
BRDA:67,2,0,144
BRDA:72,2,1,0
BRDA:100,2,2,56
BRDA:103,2,3,88
BRDA:107,2,4,0
BRDA:107,2,5,88
BRDA:108,2,6,0
BRDA:109,2,7,0
BRDA:110,2,8,0
BRDA:111,2,9,60
BRDA:111,2,10,28
BRDA:112,2,11,0
BRDA:119,2,12,60
BRDA:119,2,13,28
BRDA:120,2,14,0
BRDA:121,2,15,0
BRDA:126,2,16,0
BRDA:134,2,17,60
BRDA:135,2,18,28
BRDA:135,2,19,0
BRDA:140,2,20,88
BRDA:147,2,21,0
BRDA:150,2,22,88
BRDA:260,5,0,4
BRDA:262,5,1,24
BRDA:265,5,2,72
BRDA:267,5,3,24
BRDA:270,5,4,0
BRF:34
BRH:20
DA:1,1
DA:4,1
DA:6,1
DA:7,1
DA:9,1
DA:10,1
DA:11,1
DA:12,1
DA:13,1
DA:14,1
DA:15,1
DA:16,1
DA:17,1
DA:18,1
DA:19,1
DA:20,1
DA:22,1
DA:48,1
DA:53,29
DA:55,29
DA:58,29
DA:61,29
DA:64,29
DA:65,57
DA:66,57
DA:67,315
DA:69,201
DA:72,0
DA:73,201
DA:74,201
DA:75,201
DA:76,201
DA:77,201
DA:78,201
DA:79,201
DA:80,201
DA:81,201
DA:82,201
DA:83,201
DA:85,201
DA:86,201
DA:87,201
DA:88,201
DA:89,201
DA:90,201
DA:91,201
DA:92,201
DA:93,201
DA:94,201
DA:95,201
DA:96,201
DA:97,201
DA:98,201
DA:100,201
DA:101,257
DA:102,257
DA:103,257
DA:105,289
DA:106,0
DA:107,0
DA:108,0
DA:109,0
DA:110,0
DA:111,0
DA:112,0
DA:113,0
DA:115,201
DA:116,201
DA:117,201
DA:118,0
DA:119,0
DA:120,0
DA:121,0
DA:122,0
DA:124,201
DA:125,201
DA:126,0
DA:127,201
DA:133,201
DA:134,201
DA:135,0
DA:136,0
DA:137,0
DA:138,0
DA:139,0
DA:140,261
DA:142,289
DA:143,289
DA:144,289
DA:147,0
DA:148,0
DA:149,0
DA:150,0
DA:152,289
DA:153,289
DA:154,289
DA:156,57
DA:157,57
DA:158,29
DA:160,29
DA:163,0
DA:168,29
DA:171,29
DA:173,29
DA:174,117
DA:175,117
DA:176,117
DA:177,117
DA:178,117
DA:179,117
DA:180,117
DA:181,117
DA:182,0
DA:183,0
DA:184,0
DA:185,0
DA:186,0
DA:187,201
DA:188,201
DA:189,201
DA:190,201
DA:191,201
DA:192,201
DA:193,117
DA:195,53
DA:196,29
DA:197,29
DA:199,33
DA:200,33
DA:201,33
DA:202,1
DA:206,0
DA:208,0
DA:209,0
DA:210,0
DA:211,0
DA:212,0
DA:213,0
DA:214,0
DA:215,0
DA:216,0
DA:217,0
DA:218,0
DA:220,0
DA:221,0
DA:229,0
DA:231,0
DA:232,0
DA:233,0
DA:234,0
DA:235,0
DA:236,0
DA:237,0
DA:238,0
DA:239,0
DA:240,0
DA:241,0
DA:242,0
DA:243,0
DA:244,0
DA:245,0
DA:246,0
DA:255,1
DA:257,29
DA:258,29
DA:259,29
DA:260,29
DA:261,33
DA:262,33
DA:263,53
DA:264,53
DA:265,183
DA:266,101
DA:267,101
DA:268,125
DA:269,125
DA:270,101
DA:271,0
DA:272,0
DA:273,0
DA:274,0
DA:275,0
DA:276,0
DA:277,0
DA:278,0
DA:279,1
LH:117
LF:186
end_of_record
SF:C:\Users\johnd\utils\src\lib\walker.lib.ts
FN:15,hasChildren
FN:22,<instance_members_initializer>
FN:28,get level
FN:35,parent
FN:44,isNode
FN:51,filter
FN:58,extract
FN:73,getString
FN:82,getArray
FN:92,walk
FN:104,walkItem
FNDA:0,hasChildren
FNDA:0,<instance_members_initializer>
FNDA:0,get level
FNDA:0,parent
FNDA:0,isNode
FNDA:0,filter
FNDA:0,extract
FNDA:0,getString
FNDA:0,getArray
FNDA:0,walk
FNDA:0,walkItem
FNF:11
FNH:0
BRF:0
BRH:0
DA:1,1
DA:4,1
DA:5,1
DA:6,1
DA:7,1
DA:8,1
DA:9,1
DA:10,1
DA:11,1
DA:15,0
DA:16,0
DA:17,0
DA:19,1
DA:22,0
DA:24,0
DA:28,0
DA:30,0
DA:31,0
DA:35,0
DA:37,0
DA:38,0
DA:39,0
DA:40,0
DA:44,0
DA:46,0
DA:47,0
DA:51,0
DA:53,0
DA:54,0
DA:58,0
DA:60,0
DA:61,0
DA:62,0
DA:63,0
DA:64,0
DA:65,0
DA:66,0
DA:67,0
DA:68,0
DA:69,0
DA:73,0
DA:75,0
DA:76,0
DA:77,0
DA:78,0
DA:82,0
DA:84,0
DA:85,0
DA:86,0
DA:87,0
DA:92,0
DA:94,0
DA:95,0
DA:96,0
DA:97,0
DA:98,0
DA:99,0
DA:104,0
DA:106,0
DA:107,0
DA:108,0
DA:110,0
DA:112,0
DA:113,0
DA:114,0
DA:115,0
DA:116,0
DA:118,0
DA:119,0
DA:121,0
DA:122,0
DA:123,0
DA:124,0
DA:125,0
DA:126,0
DA:127,0
DA:128,0
DA:129,0
DA:130,0
DA:131,0
DA:132,0
DA:133,0
DA:134,0
DA:135,0
DA:136,0
DA:137,0
DA:138,0
DA:139,0
DA:140,1
LH:11
LF:89
end_of_record
